Copyright 1986-2016 Xilinx, Inc. All Rights Reserved.
-------------------------------------------------------------------------------------------------------------
| Tool Version : Vivado v.2016.2 (win64) Build 1577090 Thu Jun  2 16:32:40 MDT 2016
| Date         : Fri Mar 03 15:49:22 2017
| Host         : BA3155WS26 running 64-bit Service Pack 1  (build 7601)
| Command      : report_utilization -file video_in_utilization_placed.rpt -pb video_in_utilization_placed.pb
| Design       : video_in
| Device       : 7a100tcsg324-1
| Design State : Fully Placed
-------------------------------------------------------------------------------------------------------------

Utilization Design Information

Table of Contents
-----------------
1. Slice Logic
1.1 Summary of Registers by Type
2. Slice Logic Distribution
3. Memory
4. DSP
5. IO and GT Specific
6. Clocking
7. Specific Feature
8. Primitives
9. Black Boxes
10. Instantiated Netlists

1. Slice Logic
--------------

+----------------------------+------+-------+-----------+-------+
|          Site Type         | Used | Fixed | Available | Util% |
+----------------------------+------+-------+-----------+-------+
| Slice LUTs                 |  180 |     0 |     63400 |  0.28 |
|   LUT as Logic             |  179 |     0 |     63400 |  0.28 |
|   LUT as Memory            |    1 |     0 |     19000 | <0.01 |
|     LUT as Distributed RAM |    0 |     0 |           |       |
|     LUT as Shift Register  |    1 |     0 |           |       |
| Slice Registers            |   70 |     0 |    126800 |  0.06 |
|   Register as Flip Flop    |   70 |     0 |    126800 |  0.06 |
|   Register as Latch        |    0 |     0 |    126800 |  0.00 |
| F7 Muxes                   |   15 |     0 |     31700 |  0.05 |
| F8 Muxes                   |    4 |     0 |     15850 |  0.03 |
+----------------------------+------+-------+-----------+-------+


1.1 Summary of Registers by Type
--------------------------------

+-------+--------------+-------------+--------------+
| Total | Clock Enable | Synchronous | Asynchronous |
+-------+--------------+-------------+--------------+
| 0     |            _ |           - |            - |
| 0     |            _ |           - |          Set |
| 0     |            _ |           - |        Reset |
| 0     |            _ |         Set |            - |
| 0     |            _ |       Reset |            - |
| 0     |          Yes |           - |            - |
| 8     |          Yes |           - |          Set |
| 42    |          Yes |           - |        Reset |
| 0     |          Yes |         Set |            - |
| 20    |          Yes |       Reset |            - |
+-------+--------------+-------------+--------------+


2. Slice Logic Distribution
---------------------------

+------------------------------------------+------+-------+-----------+-------+
|                 Site Type                | Used | Fixed | Available | Util% |
+------------------------------------------+------+-------+-----------+-------+
| Slice                                    |   56 |     0 |     15850 |  0.35 |
|   SLICEL                                 |   42 |     0 |           |       |
|   SLICEM                                 |   14 |     0 |           |       |
| LUT as Logic                             |  179 |     0 |     63400 |  0.28 |
|   using O5 output only                   |    0 |       |           |       |
|   using O6 output only                   |  163 |       |           |       |
|   using O5 and O6                        |   16 |       |           |       |
| LUT as Memory                            |    1 |     0 |     19000 | <0.01 |
|   LUT as Distributed RAM                 |    0 |     0 |           |       |
|   LUT as Shift Register                  |    1 |     0 |           |       |
|     using O5 output only                 |    0 |       |           |       |
|     using O6 output only                 |    1 |       |           |       |
|     using O5 and O6                      |    0 |       |           |       |
| LUT Flip Flop Pairs                      |   48 |     0 |     63400 |  0.08 |
|   fully used LUT-FF pairs                |    2 |       |           |       |
|   LUT-FF pairs with one unused LUT       |   41 |       |           |       |
|   LUT-FF pairs with one unused Flip Flop |   45 |       |           |       |
| Unique Control Sets                      |    8 |       |           |       |
+------------------------------------------+------+-------+-----------+-------+
* Note: Review the Control Sets Report for more information regarding control sets.


3. Memory
---------

+----------------+------+-------+-----------+-------+
|    Site Type   | Used | Fixed | Available | Util% |
+----------------+------+-------+-----------+-------+
| Block RAM Tile |    0 |     0 |       135 |  0.00 |
|   RAMB36/FIFO* |    0 |     0 |       135 |  0.00 |
|   RAMB18       |    0 |     0 |       270 |  0.00 |
+----------------+------+-------+-----------+-------+
* Note: Each Block RAM Tile only has one FIFO logic available and therefore can accommodate only one FIFO36E1 or one FIFO18E1. However, if a FIFO18E1 occupies a Block RAM Tile, that tile can still accommodate a RAMB18E1


4. DSP
------

+-----------+------+-------+-----------+-------+
| Site Type | Used | Fixed | Available | Util% |
+-----------+------+-------+-----------+-------+
| DSPs      |    0 |     0 |       240 |  0.00 |
+-----------+------+-------+-----------+-------+


5. IO and GT Specific
---------------------

+-----------------------------+------+-------+-----------+-------+
|          Site Type          | Used | Fixed | Available | Util% |
+-----------------------------+------+-------+-----------+-------+
| Bonded IOB                  |   47 |     0 |       210 | 22.38 |
|   IOB Master Pads           |   23 |       |           |       |
|   IOB Slave Pads            |   23 |       |           |       |
| Bonded IPADs                |    0 |     0 |         2 |  0.00 |
| PHY_CONTROL                 |    0 |     0 |         6 |  0.00 |
| PHASER_REF                  |    0 |     0 |         6 |  0.00 |
| OUT_FIFO                    |    0 |     0 |        24 |  0.00 |
| IN_FIFO                     |    0 |     0 |        24 |  0.00 |
| IDELAYCTRL                  |    0 |     0 |         6 |  0.00 |
| IBUFDS                      |    0 |     0 |       202 |  0.00 |
| PHASER_OUT/PHASER_OUT_PHY   |    0 |     0 |        24 |  0.00 |
| PHASER_IN/PHASER_IN_PHY     |    0 |     0 |        24 |  0.00 |
| IDELAYE2/IDELAYE2_FINEDELAY |    0 |     0 |       300 |  0.00 |
| ILOGIC                      |    0 |     0 |       210 |  0.00 |
| OLOGIC                      |    0 |     0 |       210 |  0.00 |
+-----------------------------+------+-------+-----------+-------+


6. Clocking
-----------

+------------+------+-------+-----------+-------+
|  Site Type | Used | Fixed | Available | Util% |
+------------+------+-------+-----------+-------+
| BUFGCTRL   |    2 |     0 |        32 |  6.25 |
| BUFIO      |    0 |     0 |        24 |  0.00 |
| MMCME2_ADV |    0 |     0 |         6 |  0.00 |
| PLLE2_ADV  |    0 |     0 |         6 |  0.00 |
| BUFMRCE    |    0 |     0 |        12 |  0.00 |
| BUFHCE     |    0 |     0 |        96 |  0.00 |
| BUFR       |    0 |     0 |        24 |  0.00 |
+------------+------+-------+-----------+-------+


7. Specific Feature
-------------------

+-------------+------+-------+-----------+-------+
|  Site Type  | Used | Fixed | Available | Util% |
+-------------+------+-------+-----------+-------+
| BSCANE2     |    0 |     0 |         4 |  0.00 |
| CAPTUREE2   |    0 |     0 |         1 |  0.00 |
| DNA_PORT    |    0 |     0 |         1 |  0.00 |
| EFUSE_USR   |    0 |     0 |         1 |  0.00 |
| FRAME_ECCE2 |    0 |     0 |         1 |  0.00 |
| ICAPE2      |    0 |     0 |         2 |  0.00 |
| PCIE_2_1    |    0 |     0 |         1 |  0.00 |
| STARTUPE2   |    0 |     0 |         1 |  0.00 |
| XADC        |    0 |     0 |         1 |  0.00 |
+-------------+------+-------+-----------+-------+


8. Primitives
-------------

+----------+------+---------------------+
| Ref Name | Used | Functional Category |
+----------+------+---------------------+
| LUT6     |  120 |                 LUT |
| FDCE     |   42 |        Flop & Latch |
| OBUF     |   33 |                  IO |
| LUT2     |   28 |                 LUT |
| FDRE     |   20 |        Flop & Latch |
| LUT4     |   17 |                 LUT |
| LUT5     |   16 |                 LUT |
| MUXF7    |   15 |               MuxFx |
| IBUF     |   14 |                  IO |
| LUT3     |   10 |                 LUT |
| FDPE     |    8 |        Flop & Latch |
| MUXF8    |    4 |               MuxFx |
| LUT1     |    4 |                 LUT |
| CARRY4   |    3 |          CarryLogic |
| BUFG     |    2 |               Clock |
| SRL16E   |    1 |  Distributed Memory |
| OBUFT    |    1 |                  IO |
+----------+------+---------------------+


9. Black Boxes
--------------

+----------+------+
| Ref Name | Used |
+----------+------+


10. Instantiated Netlists
-------------------------

+----------+------+
| Ref Name | Used |
+----------+------+


