#
# A fatal error has been detected by the Java Runtime Environment:
#
#  EXCEPTION_UNCAUGHT_CXX_EXCEPTION (0xe06d7363) at pc=0x00007ffade577788, pid=12396, tid=8312
#
# JRE version: Java(TM) SE Runtime Environment (8.0_66-b18) (build 1.8.0_66-b18)
# Java VM: Java HotSpot(TM) 64-Bit Server VM (25.66-b18 mixed mode windows-amd64 compressed oops)
# Problematic frame:
# C  [KERNELBASE.dll+0x17788]
#
# Failed to write core dump. Minidumps are not enabled by default on client versions of Windows
#
# If you would like to submit a bug report, please visit:
#   http://bugreport.java.com/bugreport/crash.jsp
#

---------------  T H R E A D  ---------------

Current thread (0x00000000138b7000):  VMThread [stack: 0x0000000014950000,0x0000000014a50000] [id=8312]

siginfo: ExceptionCode=0xe06d7363, ExceptionInformation=0x0000000019930520 0x0000000014a4f648 0x00007ffaab6a2cb8 0x00007ffaab5f0000 

Registers:
RAX=0x004c0044002e006c, RBX=0x00007ffaab6a2cb8, RCX=0x0000000000001bf8, RDX=0x0000000000000000
RSP=0x0000000014a4f490, RBP=0x0000000014a4f5d0, RSI=0x00000000ffffffff, RDI=0x0000000024e952a0
R8 =0x0000000024e77470, R9 =0x0000000000000000, R10=0x0000000000000000, R11=0x0000000000000308
R12=0x0000000000000001, R13=0x0000000000000008, R14=0x0000000000000000, R15=0xffffffffffffffff
RIP=0x00007ffade577788, EFLAGS=0x0000000000000202

Top of Stack: (sp=0x0000000014a4f490)
0x0000000014a4f490:   0000000000000000 00007ffaab6a2cb8
0x0000000014a4f4a0:   00000000ffffffff 0000000024e952a0
0x0000000014a4f4b0:   00000001e06d7363 0000000000000000
0x0000000014a4f4c0:   00007ffade577788 00007ffa00000004
0x0000000014a4f4d0:   0000000019930520 0000000014a4f648
0x0000000014a4f4e0:   00007ffaab6a2cb8 00007ffaab5f0000
0x0000000014a4f4f0:   0000000000000008 0000000000000001
0x0000000014a4f500:   0000000024e952a0 00000000ffffffff
0x0000000014a4f510:   0000000014a4f5d0 00007ffae2f1c26f
0x0000000014a4f520:   0000000014a4f5e0 0000000000000000
0x0000000014a4f530:   000010383da3772a 0000000000000001
0x0000000014a4f540:   00007ffaab6b9000 00007ffaab5f0000
0x0000000014a4f550:   0000382b9f189329 0000000014a4f780
0x0000000014a4f560:   00007ffaab6a2cb8 00007ffaab64e92c
0x0000000014a4f570:   000000000000001f 0000000000000008
0x0000000014a4f580:   0000000000000001 0000000024e952a0 

Instructions: (pc=0x00007ffade577788)
0x00007ffade577768:   49 8b d1 44 0f 47 c0 44 89 44 24 38 49 c1 e0 03
0x00007ffade577778:   e8 07 55 06 00 48 8d 4c 24 20 ff 15 e0 08 13 00
0x00007ffade577788:   48 8b 8c 24 c0 00 00 00 48 33 cc e8 98 1a 06 00
0x00007ffade577798:   48 81 c4 d8 00 00 00 c3 83 64 24 38 00 eb d6 cc 


Register to memory mapping:

RAX=0x004c0044002e006c is an unknown value
RBX=0x00007ffaab6a2cb8 is an unknown value
RCX=0x0000000000001bf8 is an unknown value
RDX=0x0000000000000000 is an unknown value
RSP=0x0000000014a4f490 is an unknown value
RBP=0x0000000014a4f5d0 is an unknown value
RSI=0x00000000ffffffff is an unallocated location in the heap
RDI=0x0000000024e952a0 is an unknown value
R8 =0x0000000024e77470 is an unknown value
R9 =0x0000000000000000 is an unknown value
R10=0x0000000000000000 is an unknown value
R11=0x0000000000000308 is an unknown value
R12=0x0000000000000001 is an unknown value
R13=0x0000000000000008 is an unknown value
R14=0x0000000000000000 is an unknown value
R15=0xffffffffffffffff is an unknown value


Stack: [0x0000000014950000,0x0000000014a50000],  sp=0x0000000014a4f490,  free space=1021k
Native frames: (J=compiled Java code, j=interpreted, Vv=VM code, C=native code)
C  [KERNELBASE.dll+0x17788]
C  [MSVCR110.dll+0x5e92c]
C  [MSVCR110.dll+0x1315c]
C  [MSVCR110.dll+0x136a9]
C  [MSVCR110.dll+0x13e9c]
C  [MSVCR110.dll+0x239e]
C  [MSVCR110.dll+0xaf9e]
C  [MSVCP110.dll+0x397b9]
C  [librdi_common.dll+0x182316]
C  [librdi_common.dll+0x180fab]
C  0x00007ffac38d2400
C  0x00007ffac38d2682
C  [ntdll.dll+0x2a35f]
C  [ntdll.dll+0x806b]
C  [ntdll.dll+0x7d94]
C  [KERNEL32.DLL+0x1ce6a]
C  [MSVCR100.dll+0x20ccd]
V  [jvm.dll+0x210cc5]
V  [jvm.dll+0x249897]
V  [jvm.dll+0x248b36]
V  [jvm.dll+0x248fd1]
V  [jvm.dll+0x2491ee]
V  [jvm.dll+0x29a0fa]
C  [MSVCR100.dll+0x21d9f]
C  [MSVCR100.dll+0x21e3b]
C  [KERNEL32.DLL+0x8364]
C  [ntdll.dll+0x670d1]

VM_Operation (0x000000000014f4c0): Exit, mode: safepoint, requested by thread 0x000000000257e800


---------------  P R O C E S S  ---------------

Java Threads: ( => current thread )
  0x0000000015bc3800 JavaThread "Spawner Reaper" daemon [_thread_in_native, id=12416, stack(0x0000000049af0000,0x0000000049bf0000)]
  0x000000001caa9000 JavaThread "TCF Channel Transmitter" daemon [_thread_blocked, id=9448, stack(0x0000000029df0000,0x0000000029ef0000)]
  0x000000001caae800 JavaThread "TCF Channel Receiver" daemon [_thread_in_native, id=13224, stack(0x0000000029cf0000,0x0000000029df0000)]
  0x000000001caaa000 JavaThread "Process monitor" daemon [_thread_in_native, id=9556, stack(0x0000000028ad0000,0x0000000028bd0000)]
  0x000000001caaf000 JavaThread "Input Stream Monitor" daemon [_thread_blocked, id=7128, stack(0x00000000289d0000,0x0000000028ad0000)]
  0x000000001cab0000 JavaThread "Output Stream Monitor" daemon [_thread_in_native, id=10220, stack(0x00000000288d0000,0x00000000289d0000)]
  0x000000001caab800 JavaThread "Output Stream Monitor" daemon [_thread_in_native, id=13124, stack(0x00000000287d0000,0x00000000288d0000)]
  0x000000001731a000 JavaThread "TCF Locator DNS Lookup" daemon [_thread_blocked, id=1308, stack(0x00000000223d0000,0x00000000224d0000)]
  0x0000000017318000 JavaThread "TCF Locator Timer" daemon [_thread_blocked, id=11324, stack(0x00000000222d0000,0x00000000223d0000)]
  0x0000000017316800 JavaThread "TCF Locator Receiver" daemon [_thread_in_native, id=8700, stack(0x00000000221d0000,0x00000000222d0000)]
  0x0000000017319800 JavaThread "TCF Timer Dispatcher" daemon [_thread_blocked, id=10564, stack(0x0000000020bf0000,0x0000000020cf0000)]
  0x0000000017503800 JavaThread "EMF Reference Cleaner" daemon [_thread_blocked, id=12832, stack(0x0000000018580000,0x0000000018680000)]
  0x000000001394d800 JavaThread "Service Thread" daemon [_thread_blocked, id=4800, stack(0x0000000015640000,0x0000000015740000)]
  0x00000000138fa800 JavaThread "C1 CompilerThread2" daemon [_thread_blocked, id=1516, stack(0x0000000015140000,0x0000000015240000)]
  0x00000000138f5000 JavaThread "C2 CompilerThread1" daemon [_thread_blocked, id=5104, stack(0x0000000015040000,0x0000000015140000)]
  0x00000000138f1000 JavaThread "C2 CompilerThread0" daemon [_thread_blocked, id=9612, stack(0x0000000014f40000,0x0000000015040000)]
  0x00000000138f0000 JavaThread "Attach Listener" daemon [_thread_blocked, id=9112, stack(0x0000000014e40000,0x0000000014f40000)]
  0x00000000138ee800 JavaThread "Signal Dispatcher" daemon [_thread_blocked, id=11680, stack(0x0000000014d40000,0x0000000014e40000)]
  0x0000000002479800 JavaThread "Finalizer" daemon [_thread_blocked, id=7100, stack(0x0000000014b50000,0x0000000014c50000)]
  0x000000000246f800 JavaThread "Reference Handler" daemon [_thread_blocked, id=4924, stack(0x0000000014a50000,0x0000000014b50000)]
  0x000000000257e800 JavaThread "main" [_thread_blocked, id=8228, stack(0x0000000000050000,0x0000000000150000)]

Other Threads:
=>0x00000000138b7000 VMThread [stack: 0x0000000014950000,0x0000000014a50000] [id=8312]

VM state:at safepoint (shutting down)

VM Mutex/Monitor currently owned by a thread:  ([mutex/lock_event])
[0x000000000257d8f0] Threads_lock - owner thread: 0x00000000138b7000

Heap:
 PSYoungGen      total 141824K, used 47476K [0x00000000f5580000, 0x00000000fe880000, 0x0000000100000000)
  eden space 141312K, 33% used [0x00000000f5580000,0x00000000f83dd3b0,0x00000000fdf80000)
  from space 512K, 0% used [0x00000000fdf80000,0x00000000fdf80000,0x00000000fe000000)
  to   space 4608K, 0% used [0x00000000fe400000,0x00000000fe400000,0x00000000fe880000)
 ParOldGen       total 102912K, used 54200K [0x00000000e0000000, 0x00000000e6480000, 0x00000000f5580000)
  object space 102912K, 52% used [0x00000000e0000000,0x00000000e34ee060,0x00000000e6480000)
 Metaspace       used 99651K, capacity 107316K, committed 107648K, reserved 1142784K
  class space    used 11732K, capacity 14128K, committed 14208K, reserved 1048576K

Card table byte_map: [0x0000000011940000,0x0000000011a50000] byte_map_base: 0x0000000011240000

Marking Bits: (ParMarkBitMap*) 0x000000005b4aa5b0
 Begin Bits: [0x0000000011e50000, 0x0000000012650000)
 End Bits:   [0x0000000012650000, 0x0000000012e50000)

Polling page: 0x0000000000490000

CodeCache: size=245760Kb used=54750Kb max_used=54905Kb free=191009Kb
 bounds [0x0000000002580000, 0x0000000005ba0000, 0x0000000011580000]
 total_blobs=15426 nmethods=14511 adapters=820
 compilation: enabled

Compilation events (10 events):
Event: 3014.974 Thread 0x00000000138fa800 nmethod 18490 0x0000000003dec590 code [0x0000000003dec700, 0x0000000003dec888]
Event: 3014.974 Thread 0x00000000138fa800 18491       3       org.eclipse.osgi.container.ModuleWiring::invalidate0 (52 bytes)
Event: 3014.975 Thread 0x00000000138fa800 nmethod 18491 0x0000000003360550 code [0x0000000003360700, 0x00000000033610a8]
Event: 3014.975 Thread 0x00000000138fa800 18492       3       org.eclipse.osgi.internal.container.AtomicLazyInitializer::getAndClear (9 bytes)
Event: 3014.975 Thread 0x00000000138fa800 nmethod 18492 0x00000000046d1b90 code [0x00000000046d1d00, 0x00000000046d1f50]
Event: 3014.975 Thread 0x00000000138fa800 18493       3       java.util.concurrent.atomic.AtomicReference::getAndSet (12 bytes)
Event: 3014.975 Thread 0x00000000138fa800 nmethod 18493 0x00000000036b7010 code [0x00000000036b7160, 0x00000000036b72d0]
Event: 3014.975 Thread 0x00000000138fa800 18494       3       sun.misc.Unsafe::getAndSetObject (24 bytes)
Event: 3014.976 Thread 0x00000000138fa800 nmethod 18494 0x0000000002e6e690 code [0x0000000002e6e800, 0x0000000002e6ea10]
Event: 3014.976 Thread 0x00000000138fa800 18495       3       org.eclipse.osgi.internal.framework.EquinoxContainerAdaptor::invalidateWiring (186 bytes)

GC Heap History (10 events):
Event: 2885.372 GC heap before
{Heap before GC invocations=102 (full 39):
 PSYoungGen      total 141824K, used 160K [0x00000000f5580000, 0x00000000fe980000, 0x0000000100000000)
  eden space 141312K, 0% used [0x00000000f5580000,0x00000000f5580000,0x00000000fdf80000)
  from space 512K, 31% used [0x00000000fdf80000,0x00000000fdfa8000,0x00000000fe000000)
  to   space 5120K, 0% used [0x00000000fe480000,0x00000000fe480000,0x00000000fe980000)
 ParOldGen       total 102912K, used 54128K [0x00000000e0000000, 0x00000000e6480000, 0x00000000f5580000)
  object space 102912K, 52% used [0x00000000e0000000,0x00000000e34dc248,0x00000000e6480000)
 Metaspace       used 98818K, capacity 106714K, committed 107008K, reserved 1142784K
  class space    used 11637K, capacity 13997K, committed 14080K, reserved 1048576K
Event: 2885.594 GC heap after
Heap after GC invocations=102 (full 39):
 PSYoungGen      total 141824K, used 0K [0x00000000f5580000, 0x00000000fe980000, 0x0000000100000000)
  eden space 141312K, 0% used [0x00000000f5580000,0x00000000f5580000,0x00000000fdf80000)
  from space 512K, 0% used [0x00000000fdf80000,0x00000000fdf80000,0x00000000fe000000)
  to   space 5120K, 0% used [0x00000000fe480000,0x00000000fe480000,0x00000000fe980000)
 ParOldGen       total 102912K, used 54007K [0x00000000e0000000, 0x00000000e6480000, 0x00000000f5580000)
  object space 102912K, 52% used [0x00000000e0000000,0x00000000e34bde58,0x00000000e6480000)
 Metaspace       used 98818K, capacity 106714K, committed 107008K, reserved 1142784K
  class space    used 11637K, capacity 13997K, committed 14080K, reserved 1048576K
}
Event: 2945.381 GC heap before
{Heap before GC invocations=103 (full 39):
 PSYoungGen      total 141824K, used 2396K [0x00000000f5580000, 0x00000000fe980000, 0x0000000100000000)
  eden space 141312K, 1% used [0x00000000f5580000,0x00000000f57d7188,0x00000000fdf80000)
  from space 512K, 0% used [0x00000000fdf80000,0x00000000fdf80000,0x00000000fe000000)
  to   space 5120K, 0% used [0x00000000fe480000,0x00000000fe480000,0x00000000fe980000)
 ParOldGen       total 102912K, used 54007K [0x00000000e0000000, 0x00000000e6480000, 0x00000000f5580000)
  object space 102912K, 52% used [0x00000000e0000000,0x00000000e34bde58,0x00000000e6480000)
 Metaspace       used 98818K, capacity 106714K, committed 107008K, reserved 1142784K
  class space    used 11637K, capacity 13997K, committed 14080K, reserved 1048576K
Event: 2945.388 GC heap after
Heap after GC invocations=103 (full 39):
 PSYoungGen      total 146432K, used 192K [0x00000000f5580000, 0x00000000fe980000, 0x0000000100000000)
  eden space 141312K, 0% used [0x00000000f5580000,0x00000000f5580000,0x00000000fdf80000)
  from space 5120K, 3% used [0x00000000fe480000,0x00000000fe4b0000,0x00000000fe980000)
  to   space 5120K, 0% used [0x00000000fdf80000,0x00000000fdf80000,0x00000000fe480000)
 ParOldGen       total 102912K, used 54007K [0x00000000e0000000, 0x00000000e6480000, 0x00000000f5580000)
  object space 102912K, 52% used [0x00000000e0000000,0x00000000e34bde58,0x00000000e6480000)
 Metaspace       used 98818K, capacity 106714K, committed 107008K, reserved 1142784K
  class space    used 11637K, capacity 13997K, committed 14080K, reserved 1048576K
}
Event: 2945.388 GC heap before
{Heap before GC invocations=104 (full 40):
 PSYoungGen      total 146432K, used 192K [0x00000000f5580000, 0x00000000fe980000, 0x0000000100000000)
  eden space 141312K, 0% used [0x00000000f5580000,0x00000000f5580000,0x00000000fdf80000)
  from space 5120K, 3% used [0x00000000fe480000,0x00000000fe4b0000,0x00000000fe980000)
  to   space 5120K, 0% used [0x00000000fdf80000,0x00000000fdf80000,0x00000000fe480000)
 ParOldGen       total 102912K, used 54007K [0x00000000e0000000, 0x00000000e6480000, 0x00000000f5580000)
  object space 102912K, 52% used [0x00000000e0000000,0x00000000e34bde58,0x00000000e6480000)
 Metaspace       used 98818K, capacity 106714K, committed 107008K, reserved 1142784K
  class space    used 11637K, capacity 13997K, committed 14080K, reserved 1048576K
Event: 2945.552 GC heap after
Heap after GC invocations=104 (full 40):
 PSYoungGen      total 146432K, used 0K [0x00000000f5580000, 0x00000000fe980000, 0x0000000100000000)
  eden space 141312K, 0% used [0x00000000f5580000,0x00000000f5580000,0x00000000fdf80000)
  from space 5120K, 0% used [0x00000000fe480000,0x00000000fe480000,0x00000000fe980000)
  to   space 5120K, 0% used [0x00000000fdf80000,0x00000000fdf80000,0x00000000fe480000)
 ParOldGen       total 102912K, used 54007K [0x00000000e0000000, 0x00000000e6480000, 0x00000000f5580000)
  object space 102912K, 52% used [0x00000000e0000000,0x00000000e34bde10,0x00000000e6480000)
 Metaspace       used 98818K, capacity 106714K, committed 107008K, reserved 1142784K
  class space    used 11637K, capacity 13997K, committed 14080K, reserved 1048576K
}
Event: 3005.392 GC heap before
{Heap before GC invocations=105 (full 40):
 PSYoungGen      total 146432K, used 10052K [0x00000000f5580000, 0x00000000fe980000, 0x0000000100000000)
  eden space 141312K, 7% used [0x00000000f5580000,0x00000000f5f510c0,0x00000000fdf80000)
  from space 5120K, 0% used [0x00000000fe480000,0x00000000fe480000,0x00000000fe980000)
  to   space 5120K, 0% used [0x00000000fdf80000,0x00000000fdf80000,0x00000000fe480000)
 ParOldGen       total 102912K, used 54007K [0x00000000e0000000, 0x00000000e6480000, 0x00000000f5580000)
  object space 102912K, 52% used [0x00000000e0000000,0x00000000e34bde10,0x00000000e6480000)
 Metaspace       used 98835K, capacity 106714K, committed 107008K, reserved 1142784K
  class space    used 11638K, capacity 13997K, committed 14080K, reserved 1048576K
Event: 3005.397 GC heap after
Heap after GC invocations=105 (full 40):
 PSYoungGen      total 141824K, used 512K [0x00000000f5580000, 0x00000000fe880000, 0x0000000100000000)
  eden space 141312K, 0% used [0x00000000f5580000,0x00000000f5580000,0x00000000fdf80000)
  from space 512K, 100% used [0x00000000fdf80000,0x00000000fe000000,0x00000000fe000000)
  to   space 4608K, 0% used [0x00000000fe400000,0x00000000fe400000,0x00000000fe880000)
 ParOldGen       total 102912K, used 54015K [0x00000000e0000000, 0x00000000e6480000, 0x00000000f5580000)
  object space 102912K, 52% used [0x00000000e0000000,0x00000000e34bfe10,0x00000000e6480000)
 Metaspace       used 98835K, capacity 106714K, committed 107008K, reserved 1142784K
  class space    used 11638K, capacity 13997K, committed 14080K, reserved 1048576K
}
Event: 3005.398 GC heap before
{Heap before GC invocations=106 (full 41):
 PSYoungGen      total 141824K, used 512K [0x00000000f5580000, 0x00000000fe880000, 0x0000000100000000)
  eden space 141312K, 0% used [0x00000000f5580000,0x00000000f5580000,0x00000000fdf80000)
  from space 512K, 100% used [0x00000000fdf80000,0x00000000fe000000,0x00000000fe000000)
  to   space 4608K, 0% used [0x00000000fe400000,0x00000000fe400000,0x00000000fe880000)
 ParOldGen       total 102912K, used 54015K [0x00000000e0000000, 0x00000000e6480000, 0x00000000f5580000)
  object space 102912K, 52% used [0x00000000e0000000,0x00000000e34bfe10,0x00000000e6480000)
 Metaspace       used 98835K, capacity 106714K, committed 107008K, reserved 1142784K
  class space    used 11638K, capacity 13997K, committed 14080K, reserved 1048576K
Event: 3005.641 GC heap after
Heap after GC invocations=106 (full 41):
 PSYoungGen      total 141824K, used 0K [0x00000000f5580000, 0x00000000fe880000, 0x0000000100000000)
  eden space 141312K, 0% used [0x00000000f5580000,0x00000000f5580000,0x00000000fdf80000)
  from space 512K, 0% used [0x00000000fdf80000,0x00000000fdf80000,0x00000000fe000000)
  to   space 4608K, 0% used [0x00000000fe400000,0x00000000fe400000,0x00000000fe880000)
 ParOldGen       total 102912K, used 54200K [0x00000000e0000000, 0x00000000e6480000, 0x00000000f5580000)
  object space 102912K, 52% used [0x00000000e0000000,0x00000000e34ee060,0x00000000e6480000)
 Metaspace       used 98835K, capacity 106714K, committed 107008K, reserved 1142784K
  class space    used 11638K, capacity 13997K, committed 14080K, reserved 1048576K
}

Deoptimization events (10 events):
Event: 3014.171 Thread 0x0000000015dae000 Uncommon trap: reason=array_check action=maybe_recompile pc=0x0000000005b7bbf8 method=java.util.Arrays.fill([Ljava/lang/Object;Ljava/lang/Object;)V @ 13
Event: 3014.189 Thread 0x0000000015bc1000 Uncommon trap: reason=unstable_if action=reinterpret pc=0x00000000032caaf0 method=org.eclipse.osgi.internal.hooks.EclipseLazyStarter.shouldActivateFor(Ljava/lang/String;Lorg/eclipse/osgi/container/Module;Lorg/eclipse/osgi/container/ModuleRevision;Lorg/ecli‘Iaåß@
Event: 3014.190 Thread 0x0000000015bc1000 Uncommon trap: reason=unstable_if action=reinterpret pc=0x0000000002b50aa4 method=org.eclipse.swt.graphics.Resource.dispose()V @ 15
Event: 3014.205 Thread 0x0000000015bc1000 Uncommon trap: reason=predicate action=maybe_recompile pc=0x00000000039fbc24 method=java.util.concurrent.CopyOnWriteArrayList.indexOf(Ljava/lang/Object;[Ljava/lang/Object;II)I @ 41
Event: 3014.205 Thread 0x0000000015bc1000 Uncommon trap: reason=unstable_if action=reinterpret pc=0x00000000046e82c8 method=org.eclipse.ui.PlatformUI.isWorkbenchRunning()Z @ 12
Event: 3014.822 Thread 0x0000000015bc1000 Uncommon trap: reason=class_check action=maybe_recompile pc=0x00000000028e96ec method=org.eclipse.swt.widgets.Display.asyncExec(Ljava/lang/Runnable;)V @ 23
Event: 3014.822 Thread 0x0000000015bc1000 Uncommon trap: reason=class_check action=maybe_recompile pc=0x00000000028e96ec method=org.eclipse.swt.widgets.Display.asyncExec(Ljava/lang/Runnable;)V @ 23
Event: 3014.885 Thread 0x0000000015dae000 Uncommon trap: reason=null_check action=make_not_entrant pc=0x0000000002db0ec4 method=org.eclipse.core.internal.runtime.Log.isLoggable(Lorg/osgi/framework/Bundle;Ljava/lang/String;I)Z @ 3
Event: 3014.892 Thread 0x0000000015dae000 Uncommon trap: reason=unstable_if action=reinterpret pc=0x00000000032dfe58 method=org.eclipse.osgi.internal.framework.BundleContextImpl.dispatchEvent(Ljava/lang/Object;Ljava/lang/Object;ILjava/lang/Object;)V @ 16
Event: 3014.949 Thread 0x0000000015bc1000 Uncommon trap: reason=unstable_if action=reinterpret pc=0x000000000443785c method=sun.reflect.UnsafeStaticObjectFieldAccessorImpl.set(Ljava/lang/Object;Ljava/lang/Object;)V @ 13

Internal exceptions (10 events):
Event: 3014.052 Thread 0x000000000257e800 Exception <a 'java/io/FileNotFoundException'> (0x00000000f78b8710) thrown at [C:\re\workspace\8-2-build-windows-amd64-cygwin\jdk8u66\5298\hotspot\src\share\vm\prims\jni.cpp, line 709]
Event: 3014.052 Thread 0x000000000257e800 Exception <a 'java/io/FileNotFoundException'> (0x00000000f78ba6c0) thrown at [C:\re\workspace\8-2-build-windows-amd64-cygwin\jdk8u66\5298\hotspot\src\share\vm\prims\jni.cpp, line 709]
Event: 3014.053 Thread 0x000000000257e800 Exception <a 'java/io/FileNotFoundException'> (0x00000000f78bc7c0) thrown at [C:\re\workspace\8-2-build-windows-amd64-cygwin\jdk8u66\5298\hotspot\src\share\vm\prims\jni.cpp, line 709]
Event: 3014.885 Thread 0x0000000015dae000 Implicit null exception at 0x0000000002db0d62 to 0x0000000002db0eb5
Event: 3014.900 Thread 0x0000000017314000 Exception <a 'java/lang/InterruptedException'> (0x00000000f78f97d0) thrown at [C:\re\workspace\8-2-build-windows-amd64-cygwin\jdk8u66\5298\hotspot\src\share\vm\runtime\objectMonitor.cpp, line 1683]
Event: 3014.949 Thread 0x0000000015bc1000 Implicit null exception at 0x0000000004437453 to 0x0000000004437849
Event: 3014.950 Thread 0x0000000015dae000 Exception <a 'java/lang/InterruptedException'> (0x00000000f80d1058) thrown at [C:\re\workspace\8-2-build-windows-amd64-cygwin\jdk8u66\5298\hotspot\src\share\vm\runtime\objectMonitor.cpp, line 1683]
Event: 3014.966 Thread 0x0000000017317000 Exception <a 'java/lang/InterruptedException'> (0x00000000f7424ee0) thrown at [C:\re\workspace\8-2-build-windows-amd64-cygwin\jdk8u66\5298\hotspot\src\share\vm\runtime\objectMonitor.cpp, line 1683]
Event: 3014.968 Thread 0x0000000016bb6800 Exception <a 'java/lang/InterruptedException'> (0x00000000f831a328) thrown at [C:\re\workspace\8-2-build-windows-amd64-cygwin\jdk8u66\5298\hotspot\src\share\vm\runtime\objectMonitor.cpp, line 1683]
Event: 3014.974 Thread 0x0000000015bb9800 Exception <a 'java/io/IOException'> (0x00000000f83aad78) thrown at [C:\re\workspace\8-2-build-windows-amd64-cygwin\jdk8u66\5298\hotspot\src\share\vm\prims\jni.cpp, line 709]

Events (10 events):
Event: 3014.973 loading class java/util/IdentityHashMap$IdentityHashMapIterator
Event: 3014.973 loading class java/util/IdentityHashMap$IdentityHashMapIterator done
Event: 3014.973 loading class java/util/IdentityHashMap$KeyIterator done
Event: 3014.973 Thread 0x0000000015bb9800 Thread added: 0x0000000015bb9800
Event: 3014.974 Executing VM operation: RevokeBias
Event: 3014.974 Executing VM operation: RevokeBias done
Event: 3014.974 Executing VM operation: RevokeBias
Event: 3014.974 Executing VM operation: RevokeBias done
Event: 3014.974 Thread 0x0000000015bb9800 Thread exited: 0x0000000015bb9800
Event: 3014.976 Executing VM operation: Exit


Dynamic libraries:
0x0000000000400000 - 0x000000000044f000 	C:\Xilinx\SDK\2016.2\eclipse\win64.o\eclipse.exe
0x00007ffae2ed0000 - 0x00007ffae30a1000 	C:\WINDOWS\SYSTEM32\ntdll.dll
0x00007ffadf560000 - 0x00007ffadf60b000 	C:\WINDOWS\System32\KERNEL32.DLL
0x00007ffac4f70000 - 0x00007ffac4fc4000 	C:\Program Files (x86)\AVG\Av\avghooka.dll
0x00007ffade560000 - 0x00007ffade77d000 	C:\WINDOWS\System32\KERNELBASE.dll
0x00007ffae1450000 - 0x00007ffae15b5000 	C:\WINDOWS\System32\USER32.dll
0x00007ffade140000 - 0x00007ffade15e000 	C:\WINDOWS\System32\win32u.dll
0x00007ffadf270000 - 0x00007ffadf2a4000 	C:\WINDOWS\System32\GDI32.dll
0x00007ffade160000 - 0x00007ffade2e2000 	C:\WINDOWS\System32\gdi32full.dll
0x00007ffae1b00000 - 0x00007ffae1b9e000 	C:\WINDOWS\System32\msvcrt.dll
0x00007ffacfac0000 - 0x00007ffacfd3a000 	C:\WINDOWS\WinSxS\amd64_microsoft.windows.common-controls_6595b64144ccf1df_6.0.14393.953_none_42151e83c686086b\COMCTL32.dll
0x00007ffadf670000 - 0x00007ffadf938000 	C:\WINDOWS\System32\combase.dll
0x00007ffade460000 - 0x00007ffade555000 	C:\WINDOWS\System32\ucrtbase.dll
0x00007ffadf140000 - 0x00007ffadf261000 	C:\WINDOWS\System32\RPCRT4.dll
0x00007ffade3a0000 - 0x00007ffade40a000 	C:\WINDOWS\System32\bcryptPrimitives.dll
0x00007ffadfa00000 - 0x00007ffadfa2e000 	C:\WINDOWS\System32\IMM32.DLL
0x0000000072000000 - 0x0000000072012000 	C:\Xilinx\SDK\2016.2\eclipse\win64.o\plugins\org.eclipse.equinox.launcher.win32.win32.x86_64_1.1.300.v20150602-1417\eclipse_1611.dll
0x00007ffadf450000 - 0x00007ffadf4f2000 	C:\WINDOWS\System32\ADVAPI32.dll
0x00007ffae16e0000 - 0x00007ffae1739000 	C:\WINDOWS\System32\sechost.dll
0x00007ffad3440000 - 0x00007ffad344a000 	C:\WINDOWS\SYSTEM32\VERSION.dll
0x00007ffadc790000 - 0x00007ffadc825000 	C:\WINDOWS\system32\uxtheme.dll
0x00007ffae19a0000 - 0x00007ffae1afa000 	C:\WINDOWS\System32\MSCTF.dll
0x00007ffae1740000 - 0x00007ffae17ff000 	C:\WINDOWS\System32\OLEAUT32.dll
0x00007ffade0a0000 - 0x00007ffade13c000 	C:\WINDOWS\System32\msvcp_win.dll
0x00007ffac2390000 - 0x00007ffac2428000 	C:\Program Files\Common Files\microsoft shared\ink\tiptsf.dll
0x000000005aca0000 - 0x000000005b529000 	C:\Xilinx\SDK\2016.2\tps\win64\jre\bin\server\jvm.dll
0x00007ffadf940000 - 0x00007ffadf948000 	C:\WINDOWS\System32\PSAPI.DLL
0x00007ffabc270000 - 0x00007ffabc279000 	C:\WINDOWS\SYSTEM32\WSOCK32.dll
0x00007ffadfed0000 - 0x00007ffadff3a000 	C:\WINDOWS\System32\WS2_32.dll
0x00007ffadbed0000 - 0x00007ffadbef3000 	C:\WINDOWS\SYSTEM32\WINMM.dll
0x000000005b880000 - 0x000000005b952000 	C:\WINDOWS\SYSTEM32\MSVCR100.dll
0x00007ffadbea0000 - 0x00007ffadbecb000 	C:\WINDOWS\SYSTEM32\WINMMBASE.dll
0x00007ffade410000 - 0x00007ffade452000 	C:\WINDOWS\System32\cfgmgr32.dll
0x000000005ab60000 - 0x000000005ab6f000 	C:\Xilinx\SDK\2016.2\tps\win64\jre\bin\verify.dll
0x000000005ab30000 - 0x000000005ab59000 	C:\Xilinx\SDK\2016.2\tps\win64\jre\bin\java.dll
0x000000005ab10000 - 0x000000005ab26000 	C:\Xilinx\SDK\2016.2\tps\win64\jre\bin\zip.dll
0x00007ffadff40000 - 0x00007ffae1449000 	C:\WINDOWS\System32\SHELL32.dll
0x00007ffadea60000 - 0x00007ffadf13a000 	C:\WINDOWS\System32\windows.storage.dll
0x00007ffade040000 - 0x00007ffade08c000 	C:\WINDOWS\System32\powrprof.dll
0x00007ffadf610000 - 0x00007ffadf662000 	C:\WINDOWS\System32\shlwapi.dll
0x00007ffade030000 - 0x00007ffade03f000 	C:\WINDOWS\System32\kernel.appcore.dll
0x00007ffade780000 - 0x00007ffade829000 	C:\WINDOWS\System32\shcore.dll
0x00007ffade010000 - 0x00007ffade024000 	C:\WINDOWS\System32\profapi.dll
0x00007ffaddaf0000 - 0x00007ffaddb07000 	C:\WINDOWS\SYSTEM32\CRYPTSP.dll
0x00007ffadd540000 - 0x00007ffadd573000 	C:\WINDOWS\system32\rsaenh.dll
0x00007ffaddd10000 - 0x00007ffaddd3b000 	C:\WINDOWS\SYSTEM32\bcrypt.dll
0x00007ffadd7d0000 - 0x00007ffadd7ef000 	C:\WINDOWS\SYSTEM32\USERENV.dll
0x00007ffaddae0000 - 0x00007ffaddaeb000 	C:\WINDOWS\SYSTEM32\CRYPTBASE.dll
0x000000005aaf0000 - 0x000000005ab0a000 	C:\Xilinx\SDK\2016.2\tps\win64\jre\bin\net.dll
0x00007ffadd940000 - 0x00007ffadd99c000 	C:\WINDOWS\system32\mswsock.dll
0x00007ffadd6c0000 - 0x00007ffadd6f8000 	C:\WINDOWS\SYSTEM32\IPHLPAPI.DLL
0x00007ffadf9f0000 - 0x00007ffadf9f8000 	C:\WINDOWS\System32\NSI.dll
0x00007ffad7220000 - 0x00007ffad7236000 	C:\WINDOWS\SYSTEM32\dhcpcsvc6.DLL
0x00007ffad7370000 - 0x00007ffad738a000 	C:\WINDOWS\SYSTEM32\dhcpcsvc.DLL
0x000000005aad0000 - 0x000000005aae1000 	C:\Xilinx\SDK\2016.2\tps\win64\jre\bin\nio.dll
0x00007ffadf950000 - 0x00007ffadf9ef000 	C:\WINDOWS\System32\clbcatq.dll
0x00007ffad0490000 - 0x00007ffad063a000 	C:\Windows\System32\uiautomationcore.dll
0x00007ffaddee0000 - 0x00007ffaddf78000 	C:\WINDOWS\SYSTEM32\sxs.dll
0x00007ffada6a0000 - 0x00007ffada705000 	C:\Windows\System32\OLEACC.dll
0x00007ffac94d0000 - 0x00007ffac94e6000 	C:\WINDOWS\system32\napinsp.dll
0x00007ffac94b0000 - 0x00007ffac94ca000 	C:\WINDOWS\system32\pnrpnsp.dll
0x00007ffad7520000 - 0x00007ffad7538000 	C:\WINDOWS\system32\NLAapi.dll
0x00007ffadd700000 - 0x00007ffadd7a1000 	C:\WINDOWS\SYSTEM32\DNSAPI.dll
0x00007ffac94a0000 - 0x00007ffac94ae000 	C:\WINDOWS\System32\winrnr.dll
0x00007ffacdcb0000 - 0x00007ffacdcba000 	C:\Windows\System32\rasadhlp.dll
0x00007ffad5a60000 - 0x00007ffad5aca000 	C:\WINDOWS\System32\fwpuclnt.dll
0x00007ffae1860000 - 0x00007ffae1997000 	C:\WINDOWS\System32\ole32.dll
0x0000000017740000 - 0x00000000177e8000 	C:\Users\Tirthak\.Xilinx\SDK\2016.2\org.eclipse.osgi\312\0\.cp\swt-win32-4527.dll
0x00007ffae15e0000 - 0x00007ffae16da000 	C:\WINDOWS\System32\comdlg32.dll
0x00007ffade890000 - 0x00007ffadea59000 	C:\WINDOWS\System32\CRYPT32.dll
0x00007ffade090000 - 0x00007ffade0a0000 	C:\WINDOWS\System32\MSASN1.dll
0x00007ffadaa60000 - 0x00007ffadaae6000 	C:\WINDOWS\SYSTEM32\WINSPOOL.DRV
0x00007ffad0190000 - 0x00007ffad01a9000 	C:\WINDOWS\SYSTEM32\USP10.dll
0x00007ffad4220000 - 0x00007ffad44ea000 	C:\WINDOWS\SYSTEM32\WININET.dll
0x00007ffadbba0000 - 0x00007ffadbbc6000 	C:\WINDOWS\system32\dwmapi.dll
0x00007ffadba10000 - 0x00007ffadbb95000 	C:\WINDOWS\SYSTEM32\propsys.dll
0x00000000177f0000 - 0x000000001780e000 	C:\Users\Tirthak\.Xilinx\SDK\2016.2\org.eclipse.osgi\312\0\.cp\swt-gdip-win32-4527.dll
0x00007ffadabe0000 - 0x00007ffadad7a000 	C:\WINDOWS\WinSxS\amd64_microsoft.windows.gdiplus_6595b64144ccf1df_1.1.14393.953_none_7300116921188239\gdiplus.dll
0x00007ffadb220000 - 0x00007ffadb3c8000 	C:\WINDOWS\SYSTEM32\WindowsCodecs.dll
0x00007ffadb690000 - 0x00007ffadb6cf000 	C:\WINDOWS\system32\mlang.dll
0x00007ffabdcd0000 - 0x00007ffabdd19000 	C:\WINDOWS\system32\dataexchange.dll
0x00007ffadb3d0000 - 0x00007ffadb686000 	C:\WINDOWS\system32\d3d11.dll
0x00007ffadc0e0000 - 0x00007ffadc231000 	C:\WINDOWS\system32\dcomp.dll
0x00007ffadcf30000 - 0x00007ffadcfcf000 	C:\WINDOWS\system32\dxgi.dll
0x00007ffadc990000 - 0x00007ffadcaac000 	C:\WINDOWS\system32\twinapi.appcore.dll
0x00007ffab6490000 - 0x00007ffab7118000 	C:\Windows\System32\ieframe.dll
0x00007ffad4990000 - 0x00007ffad4c32000 	C:\Windows\System32\iertutil.dll
0x00007ffac97b0000 - 0x00007ffac97c8000 	C:\Windows\System32\NETAPI32.dll
0x00007ffadd7b0000 - 0x00007ffadd7bd000 	C:\Windows\System32\NETUTILS.DLL
0x00007ffad7200000 - 0x00007ffad7216000 	C:\Windows\System32\WKSCLI.DLL
0x00007ffadfe60000 - 0x00007ffadfece000 	C:\WINDOWS\System32\coml2.dll
0x00007ffad4f80000 - 0x00007ffad5142000 	C:\WINDOWS\SYSTEM32\urlmon.dll
0x00007ffa7aad0000 - 0x00007ffa7c17c000 	C:\Windows\System32\mshtml.dll
0x00007ffaddce0000 - 0x00007ffaddd0c000 	C:\WINDOWS\SYSTEM32\SspiCli.dll
0x00007ffadbf00000 - 0x00007ffadbf26000 	C:\Windows\System32\srpapi.dll
0x00007ffad07f0000 - 0x00007ffad0987000 	C:\Windows\System32\ieapfltr.dll
0x00007ffa7a630000 - 0x00007ffa7aac1000 	C:\Windows\System32\jscript9.dll
0x00007ffadbd40000 - 0x00007ffadbd50000 	C:\WINDOWS\system32\msimtf.dll
0x00007ffacb890000 - 0x00007ffacb89c000 	C:\WINDOWS\SYSTEM32\Secur32.dll
0x00007ffad7e60000 - 0x00007ffad83bf000 	C:\Windows\System32\d2d1.dll
0x00007ffad18b0000 - 0x00007ffad1b19000 	C:\Windows\System32\DWrite.dll
0x00007ffac9070000 - 0x00007ffac9081000 	C:\Users\Tirthak\.Xilinx\SDK\2016.2\org.eclipse.osgi\129\0\.cp\jWinHttp-1.0.0.dll
0x00007ffad5700000 - 0x00007ffad57cd000 	C:\WINDOWS\SYSTEM32\WINHTTP.dll
0x0000000023290000 - 0x00000000232a2000 	C:\Users\Tirthak\.Xilinx\SDK\2016.2\org.eclipse.osgi\126\0\.cp\os\win32\x86_64\localfile_1_0_0.dll
0x00007ffad3a70000 - 0x00007ffad3a7f000 	C:\Xilinx\SDK\2016.2\lib\win64.o\librdi_repo_manager.dll
0x00007ffabf630000 - 0x00007ffabf65a000 	C:\Xilinx\SDK\2016.2\lib\win64.o\libisl_sysinfo.dll
0x00007ffa79bf0000 - 0x00007ffa7a630000 	C:\Xilinx\SDK\2016.2\lib\win64.o\librdi_common.dll
0x00007ffab1750000 - 0x00007ffab17a4000 	C:\Xilinx\SDK\2016.2\lib\win64.o\librdi_commonxillic.dll
0x00007ffa7c8b0000 - 0x00007ffa7caa2000 	C:\Xilinx\SDK\2016.2\lib\win64.o\librdi_hsm.dll
0x00007ffaab430000 - 0x00007ffaab4d7000 	C:\WINDOWS\SYSTEM32\MSVCP110.dll
0x00007ffaab5f0000 - 0x00007ffaab6c4000 	C:\WINDOWS\SYSTEM32\MSVCR110.dll
0x00007ffa79880000 - 0x00007ffa79bee000 	C:\Xilinx\SDK\2016.2\lib\win64.o\libCOIN-all.dll
0x00007ffa79660000 - 0x00007ffa7987f000 	C:\Xilinx\SDK\2016.2\lib\win64.o\libXil_lmgr11.dll
0x00007ffade830000 - 0x00007ffade885000 	C:\WINDOWS\System32\WINTRUST.dll
0x00007ffad34f0000 - 0x00007ffad3500000 	C:\Xilinx\SDK\2016.2\lib\win64.o\libboost_date_time.dll
0x00007ffabf600000 - 0x00007ffabf624000 	C:\Xilinx\SDK\2016.2\lib\win64.o\libboost_filesystem.dll
0x00007ffa85380000 - 0x00007ffa853f7000 	C:\Xilinx\SDK\2016.2\lib\win64.o\libboost_program_options.dll
0x00007ffa79550000 - 0x00007ffa79656000 	C:\Xilinx\SDK\2016.2\lib\win64.o\libboost_regex.dll
0x00007ffac5590000 - 0x00007ffac55a3000 	C:\Xilinx\SDK\2016.2\lib\win64.o\libboost_signals.dll
0x00007ffad3450000 - 0x00007ffad3459000 	C:\Xilinx\SDK\2016.2\lib\win64.o\libboost_system.dll
0x00007ffac2540000 - 0x00007ffac255d000 	C:\Xilinx\SDK\2016.2\lib\win64.o\libboost_thread.dll
0x00007ffad1860000 - 0x00007ffad186b000 	C:\Xilinx\SDK\2016.2\lib\win64.o\libboost_xilinx.dll
0x00007ffa82840000 - 0x00007ffa828c0000 	C:\Xilinx\SDK\2016.2\lib\win64.o\libhdlpsolve.dll
0x00007ffa7c810000 - 0x00007ffa7c8aa000 	C:\Xilinx\SDK\2016.2\lib\win64.o\libhdxml.dll
0x00007ffa790e0000 - 0x00007ffa79545e00 	C:\Xilinx\SDK\2016.2\lib\win64.o\libisl_iostreams.dll
0x00007ffac1a30000 - 0x00007ffac1a45000 	C:\Xilinx\SDK\2016.2\lib\win64.o\pthreadVC2.dll
0x00007ffa78fb0000 - 0x00007ffa790e0000 	C:\Xilinx\SDK\2016.2\lib\win64.o\librdi_curl.dll
0x00007ffabf440000 - 0x00007ffabf458000 	C:\Xilinx\SDK\2016.2\lib\win64.o\librdiconfig.dll

VM Arguments:
jvm_args: -Dcom.xilinx.sdk.args.hwspec=C:/Users/Tirthak/OneDrive/ECE532/project_1_1/project_1/vivado/vivado.sdk/design_1_wrapper.hdf -Xms64m -Xmx512m & 
java_command: <unknown>
java_class_path (initial): C:\Xilinx\SDK\2016.2\eclipse\win64.o\\plugins/org.eclipse.equinox.launcher_1.3.100.v20150511-1540.jar
Launcher Type: generic

Environment Variables:
USERNAME=Tirthak
OS=Windows_NT
PROCESSOR_IDENTIFIER=Intel64 Family 6 Model 69 Stepping 1, GenuineIntel



---------------  S Y S T E M  ---------------

OS: Windows 10.0 , 64 bit Build 14393 (10.0.14393.0)

CPU:total 4 (2 cores per cpu, 2 threads per core) family 6 model 69 stepping 1, cmov, cx8, fxsr, mmx, sse, sse2, sse3, ssse3, sse4.1, sse4.2, popcnt, avx, avx2, aes, clmul, erms, lzcnt, ht, tsc, tscinvbit, bmi1, bmi2

Memory: 4k page, physical 8297696k(3666500k free), swap 9608416k(3119044k free)

vm_info: Java HotSpot(TM) 64-Bit Server VM (25.66-b18) for windows-amd64 JRE (1.8.0_66-b18), built on Nov  9 2015 10:51:13 by "java_re" with MS VC++ 10.0 (VS2010)

time: Wed Mar 15 18:38:09 2017
elapsed time: 3015 seconds (0d 0h 50m 15s)

