Copyright 1986-2016 Xilinx, Inc. All Rights Reserved.
------------------------------------------------------------------------------------
| Tool Version : Vivado v.2016.2 (win64) Build 1577090 Thu Jun  2 16:32:40 MDT 2016
| Date         : Fri Mar 31 13:04:22 2017
| Host         : SFB520WS30 running 64-bit Service Pack 1  (build 7601)
| Command      : upgrade_ip
| Device       : xc7a100tcsg324-1
------------------------------------------------------------------------------------

Upgrade Log for IP 'design_1_IPU_wrapper_0_1'

1. Summary
----------

SUCCESS in the upgrade of design_1_IPU_wrapper_0_1 (xilinx.com:user:IPU_wrapper:1.0) from (Rev. 26) to (Rev. 27)






Copyright 1986-2016 Xilinx, Inc. All Rights Reserved.
------------------------------------------------------------------------------------
| Tool Version : Vivado v.2016.2 (win64) Build 1577090 Thu Jun  2 16:32:40 MDT 2016
| Date         : Fri Mar 31 11:39:07 2017
| Host         : SFB520WS30 running 64-bit Service Pack 1  (build 7601)
| Command      : upgrade_ip
| Device       : xc7a100tcsg324-1
------------------------------------------------------------------------------------

Upgrade Log for IP 'design_1_IPU_wrapper_0_1'

1. Summary
----------

SUCCESS in the upgrade of design_1_IPU_wrapper_0_1 (xilinx.com:user:IPU_wrapper:1.0) from (Rev. 25) to (Rev. 26)






Copyright 1986-2016 Xilinx, Inc. All Rights Reserved.
------------------------------------------------------------------------------------
| Tool Version : Vivado v.2016.2 (win64) Build 1577090 Thu Jun  2 16:32:40 MDT 2016
| Date         : Fri Mar 31 11:12:52 2017
| Host         : SFB520WS30 running 64-bit Service Pack 1  (build 7601)
| Command      : upgrade_ip
| Device       : xc7a100tcsg324-1
------------------------------------------------------------------------------------

Upgrade Log for IP 'design_1_IPU_wrapper_0_1'

1. Summary
----------

SUCCESS in the upgrade of design_1_IPU_wrapper_0_1 (xilinx.com:user:IPU_wrapper:1.0) from (Rev. 24) to (Rev. 25)






Copyright 1986-2016 Xilinx, Inc. All Rights Reserved.
------------------------------------------------------------------------------------
| Tool Version : Vivado v.2016.2 (win64) Build 1577090 Thu Jun  2 16:32:40 MDT 2016
| Date         : Fri Mar 31 10:51:01 2017
| Host         : SFB520WS30 running 64-bit Service Pack 1  (build 7601)
| Command      : upgrade_ip
| Device       : xc7a100tcsg324-1
------------------------------------------------------------------------------------

Upgrade Log for IP 'design_1_IPU_wrapper_0_1'

1. Summary
----------

SUCCESS in the upgrade of design_1_IPU_wrapper_0_1 (xilinx.com:user:IPU_wrapper:1.0) from (Rev. 22) to (Rev. 24)






Copyright 1986-2016 Xilinx, Inc. All Rights Reserved.
------------------------------------------------------------------------------------
| Tool Version : Vivado v.2016.2 (win64) Build 1577090 Thu Jun  2 16:32:40 MDT 2016
| Date         : Fri Mar 31 10:32:36 2017
| Host         : SFB520WS30 running 64-bit Service Pack 1  (build 7601)
| Command      : upgrade_ip
| Device       : xc7a100tcsg324-1
------------------------------------------------------------------------------------

Upgrade Log for IP 'design_1_IPU_wrapper_0_1'

1. Summary
----------

SUCCESS in the upgrade of design_1_IPU_wrapper_0_1 (xilinx.com:user:IPU_wrapper:1.0) from (Rev. 21) to (Rev. 22)






Copyright 1986-2016 Xilinx, Inc. All Rights Reserved.
------------------------------------------------------------------------------------
| Tool Version : Vivado v.2016.2 (win64) Build 1577090 Thu Jun  2 16:32:40 MDT 2016
| Date         : Fri Mar 31 10:28:12 2017
| Host         : SFB520WS30 running 64-bit Service Pack 1  (build 7601)
| Command      : upgrade_ip
| Device       : xc7a100tcsg324-1
------------------------------------------------------------------------------------

Upgrade Log for IP 'design_1_IPU_wrapper_0_1'

1. Summary
----------

SUCCESS in the upgrade of design_1_IPU_wrapper_0_1 (xilinx.com:user:IPU_wrapper:1.0) from (Rev. 20) to (Rev. 21)






Copyright 1986-2016 Xilinx, Inc. All Rights Reserved.
------------------------------------------------------------------------------------
| Tool Version : Vivado v.2016.2 (win64) Build 1577090 Thu Jun  2 16:32:40 MDT 2016
| Date         : Thu Mar 30 19:52:40 2017
| Host         : SFB520WS40 running 64-bit Service Pack 1  (build 7601)
| Command      : upgrade_ip
| Device       : xc7a100tcsg324-1
------------------------------------------------------------------------------------

Upgrade Log for IP 'design_1_IPU_wrapper_0_1'

1. Summary
----------

SUCCESS in the upgrade of design_1_IPU_wrapper_0_1 (xilinx.com:user:IPU_wrapper:1.0) from (Rev. 19) to (Rev. 20)






Copyright 1986-2016 Xilinx, Inc. All Rights Reserved.
------------------------------------------------------------------------------------
| Tool Version : Vivado v.2016.2 (win64) Build 1577090 Thu Jun  2 16:32:40 MDT 2016
| Date         : Thu Mar 30 19:24:23 2017
| Host         : SFB520WS40 running 64-bit Service Pack 1  (build 7601)
| Command      : upgrade_ip
| Device       : xc7a100tcsg324-1
------------------------------------------------------------------------------------

Upgrade Log for IP 'design_1_IPU_wrapper_0_1'

1. Summary
----------

SUCCESS in the upgrade of design_1_IPU_wrapper_0_1 (xilinx.com:user:IPU_wrapper:1.0) from (Rev. 18) to (Rev. 19)






Copyright 1986-2016 Xilinx, Inc. All Rights Reserved.
------------------------------------------------------------------------------------
| Tool Version : Vivado v.2016.2 (win64) Build 1577090 Thu Jun  2 16:32:40 MDT 2016
| Date         : Thu Mar 30 18:55:47 2017
| Host         : SFB520WS40 running 64-bit Service Pack 1  (build 7601)
| Command      : upgrade_ip
| Device       : xc7a100tcsg324-1
------------------------------------------------------------------------------------

Upgrade Log for IP 'design_1_IPU_wrapper_0_1'

1. Summary
----------

SUCCESS in the upgrade of design_1_IPU_wrapper_0_1 (xilinx.com:user:IPU_wrapper:1.0) from (Rev. 17) to (Rev. 18)






Copyright 1986-2016 Xilinx, Inc. All Rights Reserved.
------------------------------------------------------------------------------------
| Tool Version : Vivado v.2016.2 (win64) Build 1577090 Thu Jun  2 16:32:40 MDT 2016
| Date         : Thu Mar 30 18:43:53 2017
| Host         : SFB520WS40 running 64-bit Service Pack 1  (build 7601)
| Command      : upgrade_ip
| Device       : xc7a100tcsg324-1
------------------------------------------------------------------------------------

Upgrade Log for IP 'design_1_video_in_0_0'

1. Summary
----------

SUCCESS in the upgrade of design_1_video_in_0_0 (utoronto.ca:user:video_in:1.0) from (Rev. 44) to (Rev. 45)






Copyright 1986-2016 Xilinx, Inc. All Rights Reserved.
------------------------------------------------------------------------------------
| Tool Version : Vivado v.2016.2 (win64) Build 1577090 Thu Jun  2 16:32:40 MDT 2016
| Date         : Thu Mar 30 13:17:30 2017
| Host         : SFB520WS40 running 64-bit Service Pack 1  (build 7601)
| Command      : upgrade_ip
| Device       : xc7a100tcsg324-1
------------------------------------------------------------------------------------

Upgrade Log for IP 'design_1_video_in_0_0'

1. Summary
----------

SUCCESS in the upgrade of design_1_video_in_0_0 (utoronto.ca:user:video_in:1.0) from (Rev. 43) to (Rev. 44)






Copyright 1986-2016 Xilinx, Inc. All Rights Reserved.
------------------------------------------------------------------------------------
| Tool Version : Vivado v.2016.2 (win64) Build 1577090 Thu Jun  2 16:32:40 MDT 2016
| Date         : Thu Mar 30 13:14:45 2017
| Host         : SFB520WS40 running 64-bit Service Pack 1  (build 7601)
| Command      : upgrade_ip
| Device       : xc7a100tcsg324-1
------------------------------------------------------------------------------------

Upgrade Log for IP 'design_1_video_in_0_0'

1. Summary
----------

SUCCESS in the upgrade of design_1_video_in_0_0 (utoronto.ca:user:video_in:1.0) from (Rev. 42) to (Rev. 43)






Copyright 1986-2016 Xilinx, Inc. All Rights Reserved.
------------------------------------------------------------------------------------
| Tool Version : Vivado v.2016.2 (win64) Build 1577090 Thu Jun  2 16:32:40 MDT 2016
| Date         : Thu Mar 30 12:50:51 2017
| Host         : SFB520WS40 running 64-bit Service Pack 1  (build 7601)
| Command      : upgrade_ip
| Device       : xc7a100tcsg324-1
------------------------------------------------------------------------------------

Upgrade Log for IP 'design_1_video_in_0_0'

1. Summary
----------

SUCCESS in the upgrade of design_1_video_in_0_0 (utoronto.ca:user:video_in:1.0) from (Rev. 41) to (Rev. 42)






Copyright 1986-2016 Xilinx, Inc. All Rights Reserved.
------------------------------------------------------------------------------------
| Tool Version : Vivado v.2016.2 (win64) Build 1577090 Thu Jun  2 16:32:40 MDT 2016
| Date         : Thu Mar 30 12:42:08 2017
| Host         : SFB520WS40 running 64-bit Service Pack 1  (build 7601)
| Command      : upgrade_ip
| Device       : xc7a100tcsg324-1
------------------------------------------------------------------------------------

Upgrade Log for IP 'design_1_video_in_0_0'

1. Summary
----------

SUCCESS in the upgrade of design_1_video_in_0_0 (utoronto.ca:user:video_in:1.0) from (Rev. 40) to (Rev. 41)






Copyright 1986-2016 Xilinx, Inc. All Rights Reserved.
------------------------------------------------------------------------------------
| Tool Version : Vivado v.2016.2 (win64) Build 1577090 Thu Jun  2 16:32:40 MDT 2016
| Date         : Thu Mar 30 12:30:09 2017
| Host         : SFB520WS40 running 64-bit Service Pack 1  (build 7601)
| Command      : upgrade_ip
| Device       : xc7a100tcsg324-1
------------------------------------------------------------------------------------

Upgrade Log for IP 'design_1_video_in_0_0'

1. Summary
----------

SUCCESS in the upgrade of design_1_video_in_0_0 (utoronto.ca:user:video_in:1.0) from (Rev. 39) to (Rev. 40)






Copyright 1986-2016 Xilinx, Inc. All Rights Reserved.
------------------------------------------------------------------------------------
| Tool Version : Vivado v.2016.2 (win64) Build 1577090 Thu Jun  2 16:32:40 MDT 2016
| Date         : Thu Mar 30 10:57:57 2017
| Host         : SFB520WS40 running 64-bit Service Pack 1  (build 7601)
| Command      : upgrade_ip
| Device       : xc7a100tcsg324-1
------------------------------------------------------------------------------------

Upgrade Log for IP 'design_1_video_in_0_0'

1. Summary
----------

SUCCESS in the upgrade of design_1_video_in_0_0 (utoronto.ca:user:video_in:1.0) from (Rev. 38) to (Rev. 39)






Copyright 1986-2016 Xilinx, Inc. All Rights Reserved.
------------------------------------------------------------------------------------
| Tool Version : Vivado v.2016.2 (win64) Build 1577090 Thu Jun  2 16:32:40 MDT 2016
| Date         : Thu Mar 30 10:39:00 2017
| Host         : SFB520WS40 running 64-bit Service Pack 1  (build 7601)
| Command      : upgrade_ip
| Device       : xc7a100tcsg324-1
------------------------------------------------------------------------------------

Upgrade Log for IP 'design_1_video_in_0_0'

1. Summary
----------

CAUTION (success, with warnings) in the upgrade of design_1_video_in_0_0 (utoronto.ca:user:video_in:1.0) from (Rev. 37) to (Rev. 38)

After upgrade, an IP may have parameter and port differences compared to the original customization. Please review the parameters within the IP customization GUI to ensure proper functionality. Also, please review the updated IP instantiation template to ensure proper connectivity, and update your design if required.

2. Connection Warnings
----------------------

Detected external port differences while upgrading 'design_1_video_in_0_0'. These changes may impact your design.


-Upgrade has added port 'LEDS'







Copyright 1986-2016 Xilinx, Inc. All Rights Reserved.
------------------------------------------------------------------------------------
| Tool Version : Vivado v.2016.2 (win64) Build 1577090 Thu Jun  2 16:32:40 MDT 2016
| Date         : Thu Mar 30 10:02:05 2017
| Host         : SFB520WS40 running 64-bit Service Pack 1  (build 7601)
| Command      : upgrade_ip
| Device       : xc7a100tcsg324-1
------------------------------------------------------------------------------------

Upgrade Log for IP 'design_1_video_in_0_0'

1. Summary
----------

CAUTION (success, with warnings) in the upgrade of design_1_video_in_0_0 (utoronto.ca:user:video_in:1.0) from (Rev. 36) to (Rev. 37)

After upgrade, an IP may have parameter and port differences compared to the original customization. Please review the parameters within the IP customization GUI to ensure proper functionality. Also, please review the updated IP instantiation template to ensure proper connectivity, and update your design if required.

2. Connection Warnings
----------------------

Detected external port differences while upgrading 'design_1_video_in_0_0'. These changes may impact your design.


-Upgrade has removed port 'm_axis_video_tready'

-Upgrade has added port 'config_done'







Copyright 1986-2016 Xilinx, Inc. All Rights Reserved.
------------------------------------------------------------------------------------
| Tool Version : Vivado v.2016.2 (win64) Build 1577090 Thu Jun  2 16:32:40 MDT 2016
| Date         : Thu Mar 30 09:57:18 2017
| Host         : SFB520WS40 running 64-bit Service Pack 1  (build 7601)
| Command      : upgrade_ip
| Device       : xc7a100tcsg324-1
------------------------------------------------------------------------------------

Upgrade Log for IP 'design_1_IPU_wrapper_0_1'

1. Summary
----------

SUCCESS in the upgrade of design_1_IPU_wrapper_0_1 (xilinx.com:user:IPU_wrapper:1.0) from (Rev. 16) to (Rev. 17)






Copyright 1986-2016 Xilinx, Inc. All Rights Reserved.
------------------------------------------------------------------------------------
| Tool Version : Vivado v.2016.2 (win64) Build 1577090 Thu Jun  2 16:32:40 MDT 2016
| Date         : Wed Mar 29 20:14:18 2017
| Host         : SFB520WS36 running 64-bit Service Pack 1  (build 7601)
| Command      : upgrade_ip
| Device       : xc7a100tcsg324-1
------------------------------------------------------------------------------------

Upgrade Log for IP 'design_1_video_in_0_0'

1. Summary
----------

SUCCESS in the upgrade of design_1_video_in_0_0 (utoronto.ca:user:video_in:1.0) from (Rev. 35) to (Rev. 36)






Copyright 1986-2016 Xilinx, Inc. All Rights Reserved.
------------------------------------------------------------------------------------
| Tool Version : Vivado v.2016.2 (win64) Build 1577090 Thu Jun  2 16:32:40 MDT 2016
| Date         : Wed Mar 29 20:04:38 2017
| Host         : SFB520WS36 running 64-bit Service Pack 1  (build 7601)
| Command      : upgrade_ip
| Device       : xc7a100tcsg324-1
------------------------------------------------------------------------------------

Upgrade Log for IP 'design_1_video_in_0_0'

1. Summary
----------

SUCCESS in the update of design_1_video_in_0_0 (utoronto.ca:user:video_in:1.0 (Rev. 35)) to current project options.






Copyright 1986-2016 Xilinx, Inc. All Rights Reserved.
------------------------------------------------------------------------------------
| Tool Version : Vivado v.2016.2 (win64) Build 1577090 Thu Jun  2 16:32:40 MDT 2016
| Date         : Wed Mar 29 14:12:49 2017
| Host         : SFB520WS36 running 64-bit Service Pack 1  (build 7601)
| Command      : upgrade_ip
| Device       : xc7a100tcsg324-1
------------------------------------------------------------------------------------

Upgrade Log for IP 'design_1_video_in_0_0'

1. Summary
----------

SUCCESS in the upgrade of design_1_video_in_0_0 (utoronto.ca:user:video_in:1.0) from (Rev. 34) to (Rev. 35)






Copyright 1986-2016 Xilinx, Inc. All Rights Reserved.
------------------------------------------------------------------------------------
| Tool Version : Vivado v.2016.2 (win64) Build 1577090 Thu Jun  2 16:32:40 MDT 2016
| Date         : Wed Mar 29 13:36:27 2017
| Host         : SFB520WS36 running 64-bit Service Pack 1  (build 7601)
| Command      : upgrade_ip
| Device       : xc7a100tcsg324-1
------------------------------------------------------------------------------------

Upgrade Log for IP 'design_1_video_in_0_0'

1. Summary
----------

SUCCESS in the upgrade of design_1_video_in_0_0 (utoronto.ca:user:video_in:1.0) from (Rev. 33) to (Rev. 34)






Copyright 1986-2016 Xilinx, Inc. All Rights Reserved.
------------------------------------------------------------------------------------
| Tool Version : Vivado v.2016.2 (win64) Build 1577090 Thu Jun  2 16:32:40 MDT 2016
| Date         : Wed Mar 29 12:43:45 2017
| Host         : SFB520WS36 running 64-bit Service Pack 1  (build 7601)
| Command      : upgrade_ip
| Device       : xc7a100tcsg324-1
------------------------------------------------------------------------------------

Upgrade Log for IP 'design_1_video_in_0_0'

1. Summary
----------

SUCCESS in the upgrade of design_1_video_in_0_0 (utoronto.ca:user:video_in:1.0) from (Rev. 32) to (Rev. 33)






Copyright 1986-2016 Xilinx, Inc. All Rights Reserved.
------------------------------------------------------------------------------------
| Tool Version : Vivado v.2016.2 (win64) Build 1577090 Thu Jun  2 16:32:40 MDT 2016
| Date         : Wed Mar 29 12:20:04 2017
| Host         : SFB520WS36 running 64-bit Service Pack 1  (build 7601)
| Command      : upgrade_ip
| Device       : xc7a100tcsg324-1
------------------------------------------------------------------------------------

Upgrade Log for IP 'design_1_video_in_0_0'

1. Summary
----------

SUCCESS in the upgrade of design_1_video_in_0_0 (utoronto.ca:user:video_in:1.0) from (Rev. 30) to (Rev. 32)






Copyright 1986-2016 Xilinx, Inc. All Rights Reserved.
------------------------------------------------------------------------------------
| Tool Version : Vivado v.2016.2 (win64) Build 1577090 Thu Jun  2 16:32:40 MDT 2016
| Date         : Wed Mar 29 11:52:19 2017
| Host         : SFB520WS36 running 64-bit Service Pack 1  (build 7601)
| Command      : upgrade_ip
| Device       : xc7a100tcsg324-1
------------------------------------------------------------------------------------

Upgrade Log for IP 'design_1_video_in_0_0'

1. Summary
----------

SUCCESS in the upgrade of design_1_video_in_0_0 (utoronto.ca:user:video_in:1.0) from (Rev. 29) to (Rev. 30)






Copyright 1986-2016 Xilinx, Inc. All Rights Reserved.
------------------------------------------------------------------------------------
| Tool Version : Vivado v.2016.2 (win64) Build 1577090 Thu Jun  2 16:32:40 MDT 2016
| Date         : Wed Mar 29 11:33:50 2017
| Host         : SFB520WS36 running 64-bit Service Pack 1  (build 7601)
| Command      : upgrade_ip
| Device       : xc7a100tcsg324-1
------------------------------------------------------------------------------------

Upgrade Log for IP 'design_1_video_in_0_0'

1. Summary
----------

SUCCESS in the upgrade of design_1_video_in_0_0 (utoronto.ca:user:video_in:1.0) from (Rev. 28) to (Rev. 29)






Copyright 1986-2016 Xilinx, Inc. All Rights Reserved.
------------------------------------------------------------------------------------
| Tool Version : Vivado v.2016.2 (win64) Build 1577090 Thu Jun  2 16:32:40 MDT 2016
| Date         : Wed Mar 29 10:30:42 2017
| Host         : SFB520WS36 running 64-bit Service Pack 1  (build 7601)
| Command      : upgrade_ip
| Device       : xc7a100tcsg324-1
------------------------------------------------------------------------------------

Upgrade Log for IP 'design_1_video_in_0_0'

1. Summary
----------

SUCCESS in the upgrade of design_1_video_in_0_0 (utoronto.ca:user:video_in:1.0) from (Rev. 27) to (Rev. 28)






Copyright 1986-2016 Xilinx, Inc. All Rights Reserved.
------------------------------------------------------------------------------------
| Tool Version : Vivado v.2016.2 (win64) Build 1577090 Thu Jun  2 16:32:40 MDT 2016
| Date         : Mon Mar 27 11:54:34 2017
| Host         : SFB520WS40 running 64-bit Service Pack 1  (build 7601)
| Command      : upgrade_ip
| Device       : xc7a100tcsg324-1
------------------------------------------------------------------------------------

Upgrade Log for IP 'design_1_IPU_wrapper_0_1'

1. Summary
----------

SUCCESS in the upgrade of design_1_IPU_wrapper_0_1 (xilinx.com:user:IPU_wrapper:1.0) from (Rev. 15) to (Rev. 16)






Copyright 1986-2016 Xilinx, Inc. All Rights Reserved.
------------------------------------------------------------------------------------
| Tool Version : Vivado v.2016.2 (win64) Build 1577090 Thu Jun  2 16:32:40 MDT 2016
| Date         : Mon Mar 27 11:00:43 2017
| Host         : SFB520WS40 running 64-bit Service Pack 1  (build 7601)
| Command      : upgrade_ip
| Device       : xc7a100tcsg324-1
------------------------------------------------------------------------------------

Upgrade Log for IP 'design_1_video_in_0_0'

1. Summary
----------

SUCCESS in the upgrade of design_1_video_in_0_0 (utoronto.ca:user:video_in:1.0) from (Rev. 26) to (Rev. 27)






Copyright 1986-2016 Xilinx, Inc. All Rights Reserved.
------------------------------------------------------------------------------------
| Tool Version : Vivado v.2016.2 (win64) Build 1577090 Thu Jun  2 16:32:40 MDT 2016
| Date         : Fri Mar 24 15:12:12 2017
| Host         : BA3155WS25 running 64-bit Service Pack 1  (build 7601)
| Command      : upgrade_ip
| Device       : xc7a100tcsg324-1
------------------------------------------------------------------------------------

Upgrade Log for IP 'design_1_IPU_wrapper_0_1'

1. Summary
----------

SUCCESS in the upgrade of design_1_IPU_wrapper_0_1 (xilinx.com:user:IPU_wrapper:1.0) from (Rev. 14) to (Rev. 15)






Copyright 1986-2016 Xilinx, Inc. All Rights Reserved.
------------------------------------------------------------------------------------
| Tool Version : Vivado v.2016.2 (win64) Build 1577090 Thu Jun  2 16:32:40 MDT 2016
| Date         : Fri Mar 24 14:43:40 2017
| Host         : BA3155WS25 running 64-bit Service Pack 1  (build 7601)
| Command      : upgrade_ip
| Device       : xc7a100tcsg324-1
------------------------------------------------------------------------------------

Upgrade Log for IP 'design_1_IPU_wrapper_0_1'

1. Summary
----------

SUCCESS in the upgrade of design_1_IPU_wrapper_0_1 (xilinx.com:user:IPU_wrapper:1.0) from (Rev. 13) to (Rev. 14)






Copyright 1986-2016 Xilinx, Inc. All Rights Reserved.
------------------------------------------------------------------------------------
| Tool Version : Vivado v.2016.2 (win64) Build 1577090 Thu Jun  2 16:32:40 MDT 2016
| Date         : Fri Mar 24 13:51:05 2017
| Host         : BA3155WS25 running 64-bit Service Pack 1  (build 7601)
| Command      : upgrade_ip
| Device       : xc7a100tcsg324-1
------------------------------------------------------------------------------------

Upgrade Log for IP 'design_1_IPU_wrapper_0_1'

1. Summary
----------

SUCCESS in the upgrade of design_1_IPU_wrapper_0_1 (xilinx.com:user:IPU_wrapper:1.0) from (Rev. 12) to (Rev. 13)






Copyright 1986-2016 Xilinx, Inc. All Rights Reserved.
------------------------------------------------------------------------------------
| Tool Version : Vivado v.2016.2 (win64) Build 1577090 Thu Jun  2 16:32:40 MDT 2016
| Date         : Fri Mar 24 12:38:19 2017
| Host         : SFB520WS40 running 64-bit Service Pack 1  (build 7601)
| Command      : upgrade_ip
| Device       : xc7a100tcsg324-1
------------------------------------------------------------------------------------

Upgrade Log for IP 'design_1_IPU_wrapper_0_1'

1. Summary
----------

SUCCESS in the upgrade of design_1_IPU_wrapper_0_1 (xilinx.com:user:IPU_wrapper:1.0) from (Rev. 11) to (Rev. 12)






Copyright 1986-2016 Xilinx, Inc. All Rights Reserved.
------------------------------------------------------------------------------------
| Tool Version : Vivado v.2016.2 (win64) Build 1577090 Thu Jun  2 16:32:40 MDT 2016
| Date         : Fri Mar 24 12:00:07 2017
| Host         : SFB520WS40 running 64-bit Service Pack 1  (build 7601)
| Command      : upgrade_ip
| Device       : xc7a100tcsg324-1
------------------------------------------------------------------------------------

Upgrade Log for IP 'design_1_IPU_wrapper_0_1'

1. Summary
----------

SUCCESS in the upgrade of design_1_IPU_wrapper_0_1 (xilinx.com:user:IPU_wrapper:1.0) from (Rev. 10) to (Rev. 11)






Copyright 1986-2016 Xilinx, Inc. All Rights Reserved.
------------------------------------------------------------------------------------
| Tool Version : Vivado v.2016.2 (win64) Build 1577090 Thu Jun  2 16:32:40 MDT 2016
| Date         : Fri Mar 24 11:36:53 2017
| Host         : SFB520WS40 running 64-bit Service Pack 1  (build 7601)
| Command      : upgrade_ip
| Device       : xc7a100tcsg324-1
------------------------------------------------------------------------------------

Upgrade Log for IP 'design_1_IPU_wrapper_0_1'

1. Summary
----------

SUCCESS in the upgrade of design_1_IPU_wrapper_0_1 (xilinx.com:user:IPU_wrapper:1.0) from (Rev. 9) to (Rev. 10)






Copyright 1986-2016 Xilinx, Inc. All Rights Reserved.
------------------------------------------------------------------------------------
| Tool Version : Vivado v.2016.2 (win64) Build 1577090 Thu Jun  2 16:32:40 MDT 2016
| Date         : Fri Mar 24 11:33:05 2017
| Host         : SFB520WS40 running 64-bit Service Pack 1  (build 7601)
| Command      : upgrade_ip
| Device       : xc7a100tcsg324-1
------------------------------------------------------------------------------------

Upgrade Log for IP 'design_1_IPU_wrapper_0_1'

1. Summary
----------

SUCCESS in the upgrade of design_1_IPU_wrapper_0_1 (xilinx.com:user:IPU_wrapper:1.0) from (Rev. 8) to (Rev. 9)






Copyright 1986-2016 Xilinx, Inc. All Rights Reserved.
------------------------------------------------------------------------------------
| Tool Version : Vivado v.2016.2 (win64) Build 1577090 Thu Jun  2 16:32:40 MDT 2016
| Date         : Tue Mar 21 10:02:59 2017
| Host         : SFB520WS07 running 64-bit Service Pack 1  (build 7601)
| Command      : upgrade_ip
| Device       : xc7a100tcsg324-1
------------------------------------------------------------------------------------

Upgrade Log for IP 'design_1_comm_0_0'

1. Summary
----------

SUCCESS in the upgrade of design_1_comm_0_0 (utoronto.ca:user:comm:1.0) from (Rev. 3) to (Rev. 4)






Copyright 1986-2016 Xilinx, Inc. All Rights Reserved.
------------------------------------------------------------------------------------
| Tool Version : Vivado v.2016.2 (win64) Build 1577090 Thu Jun  2 16:32:40 MDT 2016
| Date         : Mon Mar 20 14:07:08 2017
| Host         : SFB520WS30 running 64-bit Service Pack 1  (build 7601)
| Command      : upgrade_ip
| Device       : xc7a100tcsg324-1
------------------------------------------------------------------------------------

Upgrade Log for IP 'design_1_IPU_wrapper_0_1'

1. Summary
----------

SUCCESS in the upgrade of design_1_IPU_wrapper_0_1 (xilinx.com:user:IPU_wrapper:1.0) from (Rev. 7) to (Rev. 8)






Copyright 1986-2016 Xilinx, Inc. All Rights Reserved.
------------------------------------------------------------------------------------
| Tool Version : Vivado v.2016.2 (win64) Build 1577090 Thu Jun  2 16:32:40 MDT 2016
| Date         : Mon Mar 20 12:17:39 2017
| Host         : SFB520WS30 running 64-bit Service Pack 1  (build 7601)
| Command      : upgrade_ip
| Device       : xc7a100tcsg324-1
------------------------------------------------------------------------------------

Upgrade Log for IP 'design_1_video_in_0_1'

1. Summary
----------

SUCCESS in the upgrade of design_1_video_in_0_1 (utoronto.ca:user:video_in:1.0) from (Rev. 25) to (Rev. 26)






Copyright 1986-2016 Xilinx, Inc. All Rights Reserved.
------------------------------------------------------------------------------------
| Tool Version : Vivado v.2016.2 (win64) Build 1577090 Thu Jun  2 16:32:40 MDT 2016
| Date         : Fri Mar 17 14:36:34 2017
| Host         : BA3155WS25 running 64-bit Service Pack 1  (build 7601)
| Command      : upgrade_ip
| Device       : xc7a100tcsg324-1
------------------------------------------------------------------------------------

Upgrade Log for IP 'design_1_IPU_wrapper_0_1'

1. Summary
----------

SUCCESS in the upgrade of design_1_IPU_wrapper_0_1 (xilinx.com:user:IPU_wrapper:1.0) from (Rev. 6) to (Rev. 7)






Copyright 1986-2016 Xilinx, Inc. All Rights Reserved.
------------------------------------------------------------------------------------
| Tool Version : Vivado v.2016.2 (win64) Build 1577090 Thu Jun  2 16:32:40 MDT 2016
| Date         : Fri Mar 17 14:13:04 2017
| Host         : SFB520WS40 running 64-bit Service Pack 1  (build 7601)
| Command      : upgrade_ip
| Device       : xc7a100tcsg324-1
------------------------------------------------------------------------------------

Upgrade Log for IP 'design_1_IPU_wrapper_0_1'

1. Summary
----------

SUCCESS in the upgrade of design_1_IPU_wrapper_0_1 (xilinx.com:user:IPU_wrapper:1.0) from (Rev. 5) to (Rev. 6)






Copyright 1986-2016 Xilinx, Inc. All Rights Reserved.
------------------------------------------------------------------------------------
| Tool Version : Vivado v.2016.2 (win64) Build 1577090 Thu Jun  2 16:32:40 MDT 2016
| Date         : Fri Mar 17 12:10:34 2017
| Host         : SFB520WS40 running 64-bit Service Pack 1  (build 7601)
| Command      : upgrade_ip
| Device       : xc7a100tcsg324-1
------------------------------------------------------------------------------------

Upgrade Log for IP 'design_1_vga_ip_0_0'

1. Summary
----------

SUCCESS in the upgrade of design_1_vga_ip_0_0 (utoronto.ca:user:vga_ip:1.0) from (Rev. 8) to (Rev. 9)






Copyright 1986-2016 Xilinx, Inc. All Rights Reserved.
------------------------------------------------------------------------------------
| Tool Version : Vivado v.2016.2 (win64) Build 1577090 Thu Jun  2 16:32:40 MDT 2016
| Date         : Fri Mar 17 12:07:04 2017
| Host         : SFB520WS40 running 64-bit Service Pack 1  (build 7601)
| Command      : upgrade_ip
| Device       : xc7a100tcsg324-1
------------------------------------------------------------------------------------

Upgrade Log for IP 'design_1_vga_ip_0_0'

1. Summary
----------

SUCCESS in the upgrade of design_1_vga_ip_0_0 (utoronto.ca:user:vga_ip:1.0) from (Rev. 7) to (Rev. 8)






Copyright 1986-2016 Xilinx, Inc. All Rights Reserved.
------------------------------------------------------------------------------------
| Tool Version : Vivado v.2016.2 (win64) Build 1577090 Thu Jun  2 16:32:40 MDT 2016
| Date         : Fri Mar 17 11:47:47 2017
| Host         : SFB520WS40 running 64-bit Service Pack 1  (build 7601)
| Command      : upgrade_ip
| Device       : xc7a100tcsg324-1
------------------------------------------------------------------------------------

Upgrade Log for IP 'design_1_vga_ip_0_1'

1. Summary
----------

SUCCESS in the upgrade of design_1_vga_ip_0_1 (utoronto.ca:user:vga_ip:1.0) from (Rev. 6) to (Rev. 7)






Copyright 1986-2016 Xilinx, Inc. All Rights Reserved.
------------------------------------------------------------------------------------
| Tool Version : Vivado v.2016.2 (win64) Build 1577090 Thu Jun  2 16:32:40 MDT 2016
| Date         : Fri Mar 17 11:19:06 2017
| Host         : SFB520WS40 running 64-bit Service Pack 1  (build 7601)
| Command      : upgrade_ip
| Device       : xc7a100tcsg324-1
------------------------------------------------------------------------------------

Upgrade Log for IP 'design_1_vga_ip_0_0'

1. Summary
----------

SUCCESS in the upgrade of design_1_vga_ip_0_0 (utoronto.ca:user:vga_ip:1.0) from (Rev. 5) to (Rev. 6)






Copyright 1986-2016 Xilinx, Inc. All Rights Reserved.
------------------------------------------------------------------------------------
| Tool Version : Vivado v.2016.2 (win64) Build 1577090 Thu Jun  2 16:32:40 MDT 2016
| Date         : Fri Mar 17 10:50:51 2017
| Host         : SFB520WS40 running 64-bit Service Pack 1  (build 7601)
| Command      : upgrade_ip
| Device       : xc7a100tcsg324-1
------------------------------------------------------------------------------------

Upgrade Log for IP 'design_1_vga_ip_0_1'

1. Summary
----------

SUCCESS in the upgrade of design_1_vga_ip_0_1 (utoronto.ca:user:vga_ip:1.0) from (Rev. 4) to (Rev. 5)






Copyright 1986-2016 Xilinx, Inc. All Rights Reserved.
------------------------------------------------------------------------------------
| Tool Version : Vivado v.2016.2 (win64) Build 1577090 Thu Jun  2 16:32:40 MDT 2016
| Date         : Fri Mar 17 10:08:17 2017
| Host         : SFB520WS40 running 64-bit Service Pack 1  (build 7601)
| Command      : upgrade_ip
| Device       : xc7a100tcsg324-1
------------------------------------------------------------------------------------

Upgrade Log for IP 'design_1_vga_ip_0_0'

1. Summary
----------

SUCCESS in the upgrade of design_1_vga_ip_0_0 (utoronto.ca:user:vga_ip:1.0) from (Rev. 3) to (Rev. 4)






Copyright 1986-2016 Xilinx, Inc. All Rights Reserved.
------------------------------------------------------------------------------------
| Tool Version : Vivado v.2016.2 (win64) Build 1577090 Thu Jun  2 16:32:40 MDT 2016
| Date         : Thu Mar 16 13:23:11 2017
| Host         : SFB520WS40 running 64-bit Service Pack 1  (build 7601)
| Command      : upgrade_ip
| Device       : xc7a100tcsg324-1
------------------------------------------------------------------------------------

Upgrade Log for IP 'design_1_comm_0_0'

1. Summary
----------

CAUTION (success, with warnings) in the upgrade of design_1_comm_0_0 (utoronto.ca:user:comm:1.0) from (Rev. 2) to (Rev. 3)

After upgrade, an IP may have parameter and port differences compared to the original customization. Please review the parameters within the IP customization GUI to ensure proper functionality. Also, please review the updated IP instantiation template to ensure proper connectivity, and update your design if required.

2. Connection Warnings
----------------------

Detected external port differences while upgrading 'design_1_comm_0_0'. These changes may impact your design.


-Upgrade has added port 'addra'

-Upgrade has added port 'dina'

-Upgrade has added port 'dinb'

-Upgrade has added port 'done'

-Upgrade has added port 'draw'

-Upgrade has added port 'ena'

-Upgrade has added port 'enb'

-Upgrade has added port 'wea'

-Upgrade has added port 'web'







Copyright 1986-2016 Xilinx, Inc. All Rights Reserved.
------------------------------------------------------------------------------------
| Tool Version : Vivado v.2016.2 (win64) Build 1577090 Thu Jun  2 16:32:40 MDT 2016
| Date         : Tue Mar 14 22:10:09 2017
| Host         : T-Yoga running 64-bit major release  (build 9200)
| Command      : upgrade_ip
| Device       : xc7a100tcsg324-1
------------------------------------------------------------------------------------

Upgrade Log for IP 'design_1_video_in_0_0'

1. Summary
----------

SUCCESS in the upgrade of design_1_video_in_0_0 (utoronto.ca:user:video_in:1.0) from (Rev. 24) to (Rev. 25)






Copyright 1986-2016 Xilinx, Inc. All Rights Reserved.
------------------------------------------------------------------------------------
| Tool Version : Vivado v.2016.2 (win64) Build 1577090 Thu Jun  2 16:32:40 MDT 2016
| Date         : Tue Mar 14 21:35:45 2017
| Host         : T-Yoga running 64-bit major release  (build 9200)
| Command      : upgrade_ip
| Device       : xc7a100tcsg324-1
------------------------------------------------------------------------------------

Upgrade Log for IP 'design_1_video_in_0_1'

1. Summary
----------

SUCCESS in the upgrade of design_1_video_in_0_1 (utoronto.ca:user:video_in:1.0) from (Rev. 23) to (Rev. 24)






Copyright 1986-2016 Xilinx, Inc. All Rights Reserved.
------------------------------------------------------------------------------------
| Tool Version : Vivado v.2016.2 (win64) Build 1577090 Thu Jun  2 16:32:40 MDT 2016
| Date         : Tue Mar 14 08:48:40 2017
| Host         : T-Yoga running 64-bit major release  (build 9200)
| Command      : upgrade_ip
| Device       : xc7a100tcsg324-1
------------------------------------------------------------------------------------

Upgrade Log for IP 'design_1_IPU_wrapper_0_0'

1. Summary
----------

CAUTION (success, with warnings) in the upgrade of design_1_IPU_wrapper_0_0 (xilinx.com:user:IPU_wrapper:1.0) from (Rev. 4) to (Rev. 5)

After upgrade, an IP may have parameter and port differences compared to the original customization. Please review the parameters within the IP customization GUI to ensure proper functionality. Also, please review the updated IP instantiation template to ensure proper connectivity, and update your design if required.

2. Connection Warnings
----------------------

Detected external port differences while upgrading 'design_1_IPU_wrapper_0_0'. These changes may impact your design.


-Upgraded port 'write_to_mem_data' width 64 differs from original width 32







Copyright 1986-2016 Xilinx, Inc. All Rights Reserved.
------------------------------------------------------------------------------------
| Tool Version : Vivado v.2016.2 (win64) Build 1577090 Thu Jun  2 16:32:40 MDT 2016
| Date         : Fri Mar 10 11:31:34 2017
| Host         : SFB520WS40 running 64-bit Service Pack 1  (build 7601)
| Command      : upgrade_ip
| Device       : xc7a100tcsg324-1
------------------------------------------------------------------------------------

Upgrade Log for IP 'design_1_IPU_wrapper_0_1'

1. Summary
----------

SUCCESS in the upgrade of design_1_IPU_wrapper_0_1 (xilinx.com:user:IPU_wrapper:1.0) from (Rev. 3) to (Rev. 4)






Copyright 1986-2016 Xilinx, Inc. All Rights Reserved.
------------------------------------------------------------------------------------
| Tool Version : Vivado v.2016.2 (win64) Build 1577090 Thu Jun  2 16:32:40 MDT 2016
| Date         : Wed Mar 01 11:36:08 2017
| Host         : SFB520WS40 running 64-bit Service Pack 1  (build 7601)
| Command      : upgrade_ip
| Device       : xc7a100tcsg324-1
------------------------------------------------------------------------------------

Upgrade Log for IP 'design_1_video_in_0_0'

1. Summary
----------

SUCCESS in the upgrade of design_1_video_in_0_0 (utoronto.ca:user:video_in:1.0) from (Rev. 22) to (Rev. 23)






Copyright 1986-2016 Xilinx, Inc. All Rights Reserved.
------------------------------------------------------------------------------------
| Tool Version : Vivado v.2016.2 (win64) Build 1577090 Thu Jun  2 16:32:40 MDT 2016
| Date         : Tue Feb 28 14:22:44 2017
| Host         : SFB520WS37 running 64-bit Service Pack 1  (build 7601)
| Command      : upgrade_ip
| Device       : xc7a100tcsg324-1
------------------------------------------------------------------------------------

Upgrade Log for IP 'design_1_video_in_0_2'

1. Summary
----------

SUCCESS in the upgrade of design_1_video_in_0_2 (utoronto.ca:user:video_in:1.0) from (Rev. 21) to (Rev. 22)






Copyright 1986-2016 Xilinx, Inc. All Rights Reserved.
------------------------------------------------------------------------------------
| Tool Version : Vivado v.2016.2 (win64) Build 1577090 Thu Jun  2 16:32:40 MDT 2016
| Date         : Tue Feb 28 14:16:26 2017
| Host         : SFB520WS37 running 64-bit Service Pack 1  (build 7601)
| Command      : upgrade_ip
| Device       : xc7a100tcsg324-1
------------------------------------------------------------------------------------

Upgrade Log for IP 'design_1_video_in_0_1'

1. Summary
----------

SUCCESS in the upgrade of design_1_video_in_0_1 (utoronto.ca:user:video_in:1.0) from (Rev. 20) to (Rev. 21)






Copyright 1986-2016 Xilinx, Inc. All Rights Reserved.
------------------------------------------------------------------------------------
| Tool Version : Vivado v.2016.2 (win64) Build 1577090 Thu Jun  2 16:32:40 MDT 2016
| Date         : Tue Feb 28 14:14:41 2017
| Host         : SFB520WS37 running 64-bit Service Pack 1  (build 7601)
| Command      : upgrade_ip
| Device       : xc7a100tcsg324-1
------------------------------------------------------------------------------------

Upgrade Log for IP 'design_1_video_in_0_0'

1. Summary
----------

SUCCESS in the upgrade of design_1_video_in_0_0 (utoronto.ca:user:video_in:1.0) from (Rev. 19) to (Rev. 20)






Copyright 1986-2016 Xilinx, Inc. All Rights Reserved.
------------------------------------------------------------------------------------
| Tool Version : Vivado v.2016.2 (win64) Build 1577090 Thu Jun  2 16:32:40 MDT 2016
| Date         : Tue Feb 28 14:10:03 2017
| Host         : SFB520WS37 running 64-bit Service Pack 1  (build 7601)
| Command      : upgrade_ip
| Device       : xc7a100tcsg324-1
------------------------------------------------------------------------------------

Upgrade Log for IP 'design_1_video_in_0_1'

1. Summary
----------

SUCCESS in the upgrade of design_1_video_in_0_1 (utoronto.ca:user:video_in:1.0) from (Rev. 18) to (Rev. 19)






Copyright 1986-2016 Xilinx, Inc. All Rights Reserved.
------------------------------------------------------------------------------------
| Tool Version : Vivado v.2016.2 (win64) Build 1577090 Thu Jun  2 16:32:40 MDT 2016
| Date         : Tue Feb 28 14:07:44 2017
| Host         : SFB520WS37 running 64-bit Service Pack 1  (build 7601)
| Command      : upgrade_ip
| Device       : xc7a100tcsg324-1
------------------------------------------------------------------------------------

Upgrade Log for IP 'design_1_video_in_0_1'

1. Summary
----------

SUCCESS in the upgrade of design_1_video_in_0_1 (utoronto.ca:user:video_in:1.0) from (Rev. 17) to (Rev. 18)






Copyright 1986-2016 Xilinx, Inc. All Rights Reserved.
------------------------------------------------------------------------------------
| Tool Version : Vivado v.2016.2 (win64) Build 1577090 Thu Jun  2 16:32:40 MDT 2016
| Date         : Tue Feb 28 14:01:05 2017
| Host         : SFB520WS37 running 64-bit Service Pack 1  (build 7601)
| Command      : upgrade_ip
| Device       : xc7a100tcsg324-1
------------------------------------------------------------------------------------

Upgrade Log for IP 'design_1_video_in_0_0'

1. Summary
----------

CAUTION (success, with warnings) in the upgrade of design_1_video_in_0_0 (utoronto.ca:user:video_in:1.0) from (Rev. 16) to (Rev. 17)

After upgrade, an IP may have parameter and port differences compared to the original customization. Please review the parameters within the IP customization GUI to ensure proper functionality. Also, please review the updated IP instantiation template to ensure proper connectivity, and update your design if required.

2. Connection Warnings
----------------------

Detected external port differences while upgrading 'design_1_video_in_0_0'. These changes may impact your design.


-Upgrade has added port 'aclk'

-Upgrade has added port 'aclken'

-Upgrade has added port 'aresetn'

-Upgrade has added port 'axis_enable'







Copyright 1986-2016 Xilinx, Inc. All Rights Reserved.
------------------------------------------------------------------------------------
| Tool Version : Vivado v.2016.2 (win64) Build 1577090 Thu Jun  2 16:32:40 MDT 2016
| Date         : Tue Feb 28 13:49:35 2017
| Host         : SFB520WS37 running 64-bit Service Pack 1  (build 7601)
| Command      : upgrade_ip
| Device       : xc7a100tcsg324-1
------------------------------------------------------------------------------------

Upgrade Log for IP 'design_1_video_in_0_1'

1. Summary
----------

SUCCESS in the upgrade of design_1_video_in_0_1 (utoronto.ca:user:video_in:1.0) from (Rev. 15) to (Rev. 16)






Copyright 1986-2016 Xilinx, Inc. All Rights Reserved.
------------------------------------------------------------------------------------
| Tool Version : Vivado v.2016.2 (win64) Build 1577090 Thu Jun  2 16:32:40 MDT 2016
| Date         : Tue Feb 28 11:44:05 2017
| Host         : SFB520WS37 running 64-bit Service Pack 1  (build 7601)
| Command      : upgrade_ip
| Device       : xc7a100tcsg324-1
------------------------------------------------------------------------------------

Upgrade Log for IP 'design_1_video_in_0_0'

1. Summary
----------

SUCCESS in the upgrade of design_1_video_in_0_0 (utoronto.ca:user:video_in:1.0) from (Rev. 14) to (Rev. 15)






Copyright 1986-2016 Xilinx, Inc. All Rights Reserved.
------------------------------------------------------------------------------------
| Tool Version : Vivado v.2016.2 (win64) Build 1577090 Thu Jun  2 16:32:40 MDT 2016
| Date         : Tue Feb 28 11:21:57 2017
| Host         : SFB520WS37 running 64-bit Service Pack 1  (build 7601)
| Command      : upgrade_ip
| Device       : xc7a100tcsg324-1
------------------------------------------------------------------------------------

Upgrade Log for IP 'design_1_video_in_0_1'

1. Summary
----------

CAUTION (success, with warnings) in the upgrade of design_1_video_in_0_1 (utoronto.ca:user:video_in:1.0) from (Rev. 12) to (Rev. 14)

After upgrade, an IP may have parameter and port differences compared to the original customization. Please review the parameters within the IP customization GUI to ensure proper functionality. Also, please review the updated IP instantiation template to ensure proper connectivity, and update your design if required.

2. Connection Warnings
----------------------

Detected external port differences while upgrading 'design_1_video_in_0_1'. These changes may impact your design.


-Upgrade has added port 'm_axis_video_tready'

-Upgrade has added port 'pwdn'

-Upgrade has added port 'vid_field_id'







Copyright 1986-2016 Xilinx, Inc. All Rights Reserved.
------------------------------------------------------------------------------------
| Tool Version : Vivado v.2016.2 (win64) Build 1577090 Thu Jun  2 16:32:40 MDT 2016
| Date         : Mon Feb 27 11:38:21 2017
| Host         : SFB520WS40 running 64-bit Service Pack 1  (build 7601)
| Command      : upgrade_ip
| Device       : xc7a100tcsg324-1
------------------------------------------------------------------------------------

Upgrade Log for IP 'design_1_video_in_0_1'

1. Summary
----------

CAUTION (success, with warnings) in the upgrade of design_1_video_in_0_1 (utoronto.ca:user:video_in:1.0) from (Rev. 11) to (Rev. 12)

After upgrade, an IP may have parameter and port differences compared to the original customization. Please review the parameters within the IP customization GUI to ensure proper functionality. Also, please review the updated IP instantiation template to ensure proper connectivity, and update your design if required.

2. Connection Warnings
----------------------

Detected external port differences while upgrading 'design_1_video_in_0_1'. These changes may impact your design.


-Upgraded port 'vid_data' width 16 differs from original width 24







Copyright 1986-2016 Xilinx, Inc. All Rights Reserved.
------------------------------------------------------------------------------------
| Tool Version : Vivado v.2016.2 (win64) Build 1577090 Thu Jun  2 16:32:40 MDT 2016
| Date         : Mon Feb 27 10:24:26 2017
| Host         : SFB520WS40 running 64-bit Service Pack 1  (build 7601)
| Command      : upgrade_ip
| Device       : xc7a100tcsg324-1
------------------------------------------------------------------------------------

Upgrade Log for IP 'design_1_video_in_0_0'

1. Summary
----------

SUCCESS in the upgrade of design_1_video_in_0_0 (utoronto.ca:user:video_in:1.0) from (Rev. 10) to (Rev. 11)






Copyright 1986-2016 Xilinx, Inc. All Rights Reserved.
------------------------------------------------------------------------------------
| Tool Version : Vivado v.2016.2 (win64) Build 1577090 Thu Jun  2 16:32:40 MDT 2016
| Date         : Mon Feb 27 10:16:14 2017
| Host         : SFB520WS40 running 64-bit Service Pack 1  (build 7601)
| Command      : upgrade_ip
| Device       : xc7a100tcsg324-1
------------------------------------------------------------------------------------

Upgrade Log for IP 'design_1_video_in_0_1'

1. Summary
----------

SUCCESS in the update of design_1_video_in_0_1 (utoronto.ca:user:video_in:1.0 (Rev. 10)) to current project options.






Copyright 1986-2016 Xilinx, Inc. All Rights Reserved.
------------------------------------------------------------------------------------
| Tool Version : Vivado v.2016.2 (win64) Build 1577090 Thu Jun  2 16:32:40 MDT 2016
| Date         : Mon Feb 27 10:15:55 2017
| Host         : SFB520WS40 running 64-bit Service Pack 1  (build 7601)
| Command      : upgrade_ip
| Device       : xc7a100tcsg324-1
------------------------------------------------------------------------------------

Upgrade Log for IP 'design_1_video_in_0_1'

1. Summary
----------

SUCCESS in the upgrade of design_1_video_in_0_1 (utoronto.ca:user:video_in:1.0) from (Rev. 9) to (Rev. 10)






Copyright 1986-2016 Xilinx, Inc. All Rights Reserved.
------------------------------------------------------------------------------------
| Tool Version : Vivado v.2016.2 (win64) Build 1577090 Thu Jun  2 16:32:40 MDT 2016
| Date         : Mon Feb 27 10:10:46 2017
| Host         : SFB520WS40 running 64-bit Service Pack 1  (build 7601)
| Command      : upgrade_ip
| Device       : xc7a100tcsg324-1
------------------------------------------------------------------------------------

Upgrade Log for IP 'design_1_video_in_0_1'

1. Summary
----------

SUCCESS in the upgrade of design_1_video_in_0_1 (utoronto.ca:user:video_in:1.0) from (Rev. 8) to (Rev. 9)






Copyright 1986-2016 Xilinx, Inc. All Rights Reserved.
------------------------------------------------------------------------------------
| Tool Version : Vivado v.2016.2 (win64) Build 1577090 Thu Jun  2 16:32:40 MDT 2016
| Date         : Tue Feb 21 13:28:25 2017
| Host         : SFB520WS38 running 64-bit Service Pack 1  (build 7601)
| Command      : upgrade_ip
| Device       : xc7a100tcsg324-1
------------------------------------------------------------------------------------

Upgrade Log for IP 'design_1_video_in_0_0'

1. Summary
----------

SUCCESS in the upgrade of design_1_video_in_0_0 (utoronto.ca:user:video_in:1.0) from (Rev. 7) to (Rev. 8)






Copyright 1986-2016 Xilinx, Inc. All Rights Reserved.
------------------------------------------------------------------------------------
| Tool Version : Vivado v.2016.2 (win64) Build 1577090 Thu Jun  2 16:32:40 MDT 2016
| Date         : Tue Feb 21 13:21:48 2017
| Host         : SFB520WS38 running 64-bit Service Pack 1  (build 7601)
| Command      : upgrade_ip
| Device       : xc7a100tcsg324-1
------------------------------------------------------------------------------------

Upgrade Log for IP 'design_1_video_in_0_0'

1. Summary
----------

SUCCESS in the update of design_1_video_in_0_0 (utoronto.ca:user:video_in:1.0 (Rev. 7)) to current project options.






Copyright 1986-2016 Xilinx, Inc. All Rights Reserved.
------------------------------------------------------------------------------------
| Tool Version : Vivado v.2016.2 (win64) Build 1577090 Thu Jun  2 16:32:40 MDT 2016
| Date         : Tue Feb 21 13:21:34 2017
| Host         : SFB520WS38 running 64-bit Service Pack 1  (build 7601)
| Command      : upgrade_ip
| Device       : xc7a100tcsg324-1
------------------------------------------------------------------------------------

Upgrade Log for IP 'design_1_video_in_0_0'

1. Summary
----------

SUCCESS in the upgrade of design_1_video_in_0_0 (utoronto.ca:user:video_in:1.0) from (Rev. 6) to (Rev. 7)






Copyright 1986-2016 Xilinx, Inc. All Rights Reserved.
------------------------------------------------------------------------------------
| Tool Version : Vivado v.2016.2 (win64) Build 1577090 Thu Jun  2 16:32:40 MDT 2016
| Date         : Tue Feb 21 13:19:22 2017
| Host         : SFB520WS38 running 64-bit Service Pack 1  (build 7601)
| Command      : upgrade_ip
| Device       : xc7a100tcsg324-1
------------------------------------------------------------------------------------

Upgrade Log for IP 'design_1_video_in_0_0'

1. Summary
----------

SUCCESS in the upgrade of design_1_video_in_0_0 (utoronto.ca:user:video_in:1.0) from (Rev. 5) to (Rev. 6)






Copyright 1986-2016 Xilinx, Inc. All Rights Reserved.
------------------------------------------------------------------------------------
| Tool Version : Vivado v.2016.2 (win64) Build 1577090 Thu Jun  2 16:32:40 MDT 2016
| Date         : Tue Feb 21 12:21:15 2017
| Host         : SFB520WS38 running 64-bit Service Pack 1  (build 7601)
| Command      : upgrade_ip
| Device       : xc7a100tcsg324-1
------------------------------------------------------------------------------------

Upgrade Log for IP 'design_1_video_in_0_0'

1. Summary
----------

CAUTION (success, with warnings) in the upgrade of design_1_video_in_0_0 (utoronto.ca:user:video_in:1.0) from (Rev. 4) to (Rev. 5)

After upgrade, an IP may have parameter and port differences compared to the original customization. Please review the parameters within the IP customization GUI to ensure proper functionality. Also, please review the updated IP instantiation template to ensure proper connectivity, and update your design if required.

2. Connection Warnings
----------------------

Detected external port differences while upgrading 'design_1_video_in_0_0'. These changes may impact your design.


-Upgraded port 'vid_data' width 24 differs from original width 12







Copyright 1986-2016 Xilinx, Inc. All Rights Reserved.
------------------------------------------------------------------------------------
| Tool Version : Vivado v.2016.2 (win64) Build 1577090 Thu Jun  2 16:32:40 MDT 2016
| Date         : Tue Feb 21 12:20:09 2017
| Host         : SFB520WS38 running 64-bit Service Pack 1  (build 7601)
| Command      : upgrade_ip
| Device       : xc7a100tcsg324-1
------------------------------------------------------------------------------------

Upgrade Log for IP 'design_1_video_in_0_0'

1. Summary
----------

SUCCESS in the upgrade of design_1_video_in_0_0 (utoronto.ca:user:video_in:1.0) from (Rev. 3) to (Rev. 4)






Copyright 1986-2016 Xilinx, Inc. All Rights Reserved.
------------------------------------------------------------------------------------
| Tool Version : Vivado v.2016.2 (win64) Build 1577090 Thu Jun  2 16:32:40 MDT 2016
| Date         : Tue Feb 21 12:14:39 2017
| Host         : SFB520WS38 running 64-bit Service Pack 1  (build 7601)
| Command      : upgrade_ip
| Device       : xc7a100tcsg324-1
------------------------------------------------------------------------------------

Upgrade Log for IP 'design_1_video_in_0_0'

1. Summary
----------

CAUTION (success, with warnings) in the upgrade of design_1_video_in_0_0 (utoronto.ca:user:video_in:1.0) from (Rev. 2) to (Rev. 3)

After upgrade, an IP may have parameter and port differences compared to the original customization. Please review the parameters within the IP customization GUI to ensure proper functionality. Also, please review the updated IP instantiation template to ensure proper connectivity, and update your design if required.

2. Connection Warnings
----------------------

Detected external port differences while upgrading 'design_1_video_in_0_0'. These changes may impact your design.


-Upgraded port 'vid_data' width 12 differs from original width 13


